<?xml version="1.0" encoding="UTF-8"?>
<testsuite xmlns:xsi="http://www.w3.org/2001/XMLSchema-instance" xsi:noNamespaceSchemaLocation="https://maven.apache.org/surefire/maven-surefire-plugin/xsd/surefire-test-report.xsd" name="com.Marsh.Homepage.Unit.HomepageApplicationUnitTests" time="1.314" tests="1" errors="0" skipped="0" failures="1">
  <properties>
    <property name="sun.desktop" value="gnome"/>
    <property name="awt.toolkit" value="sun.awt.X11.XToolkit"/>
    <property name="java.specification.version" value="11"/>
    <property name="sun.cpu.isalist" value=""/>
    <property name="sun.jnu.encoding" value="UTF-8"/>
    <property name="java.class.path" value="/home/finlay/ProgrammingProjects/Homepage/target/test-classes:/home/finlay/ProgrammingProjects/Homepage/target/classes:/home/finlay/.m2/repository/org/springframework/boot/spring-boot-starter-web/2.6.0-M2/spring-boot-starter-web-2.6.0-M2.jar:/home/finlay/.m2/repository/org/springframework/boot/spring-boot-starter/2.6.0-M2/spring-boot-starter-2.6.0-M2.jar:/home/finlay/.m2/repository/org/springframework/boot/spring-boot/2.6.0-M2/spring-boot-2.6.0-M2.jar:/home/finlay/.m2/repository/org/springframework/boot/spring-boot-autoconfigure/2.6.0-M2/spring-boot-autoconfigure-2.6.0-M2.jar:/home/finlay/.m2/repository/org/springframework/boot/spring-boot-starter-logging/2.6.0-M2/spring-boot-starter-logging-2.6.0-M2.jar:/home/finlay/.m2/repository/ch/qos/logback/logback-classic/1.2.5/logback-classic-1.2.5.jar:/home/finlay/.m2/repository/ch/qos/logback/logback-core/1.2.5/logback-core-1.2.5.jar:/home/finlay/.m2/repository/org/apache/logging/log4j/log4j-to-slf4j/2.14.1/log4j-to-slf4j-2.14.1.jar:/home/finlay/.m2/repository/org/apache/logging/log4j/log4j-api/2.14.1/log4j-api-2.14.1.jar:/home/finlay/.m2/repository/org/slf4j/jul-to-slf4j/1.7.32/jul-to-slf4j-1.7.32.jar:/home/finlay/.m2/repository/jakarta/annotation/jakarta.annotation-api/1.3.5/jakarta.annotation-api-1.3.5.jar:/home/finlay/.m2/repository/org/yaml/snakeyaml/1.29/snakeyaml-1.29.jar:/home/finlay/.m2/repository/org/springframework/boot/spring-boot-starter-json/2.6.0-M2/spring-boot-starter-json-2.6.0-M2.jar:/home/finlay/.m2/repository/com/fasterxml/jackson/core/jackson-databind/2.12.4/jackson-databind-2.12.4.jar:/home/finlay/.m2/repository/com/fasterxml/jackson/core/jackson-annotations/2.12.4/jackson-annotations-2.12.4.jar:/home/finlay/.m2/repository/com/fasterxml/jackson/core/jackson-core/2.12.4/jackson-core-2.12.4.jar:/home/finlay/.m2/repository/com/fasterxml/jackson/datatype/jackson-datatype-jdk8/2.12.4/jackson-datatype-jdk8-2.12.4.jar:/home/finlay/.m2/repository/com/fasterxml/jackson/datatype/jackson-datatype-jsr310/2.12.4/jackson-datatype-jsr310-2.12.4.jar:/home/finlay/.m2/repository/com/fasterxml/jackson/module/jackson-module-parameter-names/2.12.4/jackson-module-parameter-names-2.12.4.jar:/home/finlay/.m2/repository/org/springframework/boot/spring-boot-starter-tomcat/2.6.0-M2/spring-boot-starter-tomcat-2.6.0-M2.jar:/home/finlay/.m2/repository/org/apache/tomcat/embed/tomcat-embed-core/9.0.52/tomcat-embed-core-9.0.52.jar:/home/finlay/.m2/repository/org/apache/tomcat/embed/tomcat-embed-el/9.0.52/tomcat-embed-el-9.0.52.jar:/home/finlay/.m2/repository/org/apache/tomcat/embed/tomcat-embed-websocket/9.0.52/tomcat-embed-websocket-9.0.52.jar:/home/finlay/.m2/repository/org/springframework/spring-web/5.3.9/spring-web-5.3.9.jar:/home/finlay/.m2/repository/org/springframework/spring-beans/5.3.9/spring-beans-5.3.9.jar:/home/finlay/.m2/repository/org/springframework/spring-webmvc/5.3.9/spring-webmvc-5.3.9.jar:/home/finlay/.m2/repository/org/springframework/spring-aop/5.3.9/spring-aop-5.3.9.jar:/home/finlay/.m2/repository/org/springframework/spring-context/5.3.9/spring-context-5.3.9.jar:/home/finlay/.m2/repository/org/springframework/spring-expression/5.3.9/spring-expression-5.3.9.jar:/home/finlay/.m2/repository/org/springframework/boot/spring-boot-starter-test/2.6.0-M2/spring-boot-starter-test-2.6.0-M2.jar:/home/finlay/.m2/repository/org/springframework/boot/spring-boot-test/2.6.0-M2/spring-boot-test-2.6.0-M2.jar:/home/finlay/.m2/repository/org/springframework/boot/spring-boot-test-autoconfigure/2.6.0-M2/spring-boot-test-autoconfigure-2.6.0-M2.jar:/home/finlay/.m2/repository/com/jayway/jsonpath/json-path/2.6.0/json-path-2.6.0.jar:/home/finlay/.m2/repository/net/minidev/json-smart/2.4.7/json-smart-2.4.7.jar:/home/finlay/.m2/repository/net/minidev/accessors-smart/2.4.7/accessors-smart-2.4.7.jar:/home/finlay/.m2/repository/org/ow2/asm/asm/9.1/asm-9.1.jar:/home/finlay/.m2/repository/org/slf4j/slf4j-api/1.7.32/slf4j-api-1.7.32.jar:/home/finlay/.m2/repository/jakarta/xml/bind/jakarta.xml.bind-api/2.3.3/jakarta.xml.bind-api-2.3.3.jar:/home/finlay/.m2/repository/jakarta/activation/jakarta.activation-api/1.2.2/jakarta.activation-api-1.2.2.jar:/home/finlay/.m2/repository/org/assertj/assertj-core/3.20.2/assertj-core-3.20.2.jar:/home/finlay/.m2/repository/org/hamcrest/hamcrest/2.2/hamcrest-2.2.jar:/home/finlay/.m2/repository/org/junit/jupiter/junit-jupiter/5.7.2/junit-jupiter-5.7.2.jar:/home/finlay/.m2/repository/org/junit/jupiter/junit-jupiter-api/5.7.2/junit-jupiter-api-5.7.2.jar:/home/finlay/.m2/repository/org/apiguardian/apiguardian-api/1.1.0/apiguardian-api-1.1.0.jar:/home/finlay/.m2/repository/org/opentest4j/opentest4j/1.2.0/opentest4j-1.2.0.jar:/home/finlay/.m2/repository/org/junit/platform/junit-platform-commons/1.7.2/junit-platform-commons-1.7.2.jar:/home/finlay/.m2/repository/org/junit/jupiter/junit-jupiter-params/5.7.2/junit-jupiter-params-5.7.2.jar:/home/finlay/.m2/repository/org/junit/jupiter/junit-jupiter-engine/5.7.2/junit-jupiter-engine-5.7.2.jar:/home/finlay/.m2/repository/org/junit/platform/junit-platform-engine/1.7.2/junit-platform-engine-1.7.2.jar:/home/finlay/.m2/repository/org/mockito/mockito-core/3.11.2/mockito-core-3.11.2.jar:/home/finlay/.m2/repository/net/bytebuddy/byte-buddy/1.11.12/byte-buddy-1.11.12.jar:/home/finlay/.m2/repository/net/bytebuddy/byte-buddy-agent/1.11.12/byte-buddy-agent-1.11.12.jar:/home/finlay/.m2/repository/org/objenesis/objenesis/3.2/objenesis-3.2.jar:/home/finlay/.m2/repository/org/mockito/mockito-junit-jupiter/3.11.2/mockito-junit-jupiter-3.11.2.jar:/home/finlay/.m2/repository/org/skyscreamer/jsonassert/1.5.0/jsonassert-1.5.0.jar:/home/finlay/.m2/repository/com/vaadin/external/google/android-json/0.0.20131108.vaadin1/android-json-0.0.20131108.vaadin1.jar:/home/finlay/.m2/repository/org/springframework/spring-core/5.3.9/spring-core-5.3.9.jar:/home/finlay/.m2/repository/org/springframework/spring-jcl/5.3.9/spring-jcl-5.3.9.jar:/home/finlay/.m2/repository/org/springframework/spring-test/5.3.9/spring-test-5.3.9.jar:/home/finlay/.m2/repository/org/xmlunit/xmlunit-core/2.8.2/xmlunit-core-2.8.2.jar:/home/finlay/.m2/repository/org/springframework/boot/spring-boot-starter-thymeleaf/2.6.0-M2/spring-boot-starter-thymeleaf-2.6.0-M2.jar:/home/finlay/.m2/repository/org/thymeleaf/thymeleaf-spring5/3.0.12.RELEASE/thymeleaf-spring5-3.0.12.RELEASE.jar:/home/finlay/.m2/repository/org/thymeleaf/thymeleaf/3.0.12.RELEASE/thymeleaf-3.0.12.RELEASE.jar:/home/finlay/.m2/repository/org/attoparser/attoparser/2.0.5.RELEASE/attoparser-2.0.5.RELEASE.jar:/home/finlay/.m2/repository/org/unbescape/unbescape/1.1.6.RELEASE/unbescape-1.1.6.RELEASE.jar:/home/finlay/.m2/repository/org/thymeleaf/extras/thymeleaf-extras-java8time/3.0.4.RELEASE/thymeleaf-extras-java8time-3.0.4.RELEASE.jar:"/>
    <property name="java.vm.vendor" value="Ubuntu"/>
    <property name="sun.arch.data.model" value="64"/>
    <property name="java.vendor.url" value="https://ubuntu.com/"/>
    <property name="user.timezone" value=""/>
    <property name="java.vm.specification.version" value="11"/>
    <property name="os.name" value="Linux"/>
    <property name="sun.java.launcher" value="SUN_STANDARD"/>
    <property name="user.country" value="GB"/>
    <property name="sun.boot.library.path" value="/usr/lib/jvm/java-11-openjdk-amd64/lib"/>
    <property name="sun.java.command" value="/home/finlay/ProgrammingProjects/Homepage/target/surefire/surefirebooter5421674160996995479.jar /home/finlay/ProgrammingProjects/Homepage/target/surefire 2021-09-20T01-47-10_823-jvmRun1 surefire14957826622861347454tmp surefire_08610683973889301886tmp"/>
    <property name="jdk.debug" value="release"/>
    <property name="surefire.test.class.path" value="/home/finlay/ProgrammingProjects/Homepage/target/test-classes:/home/finlay/ProgrammingProjects/Homepage/target/classes:/home/finlay/.m2/repository/org/springframework/boot/spring-boot-starter-web/2.6.0-M2/spring-boot-starter-web-2.6.0-M2.jar:/home/finlay/.m2/repository/org/springframework/boot/spring-boot-starter/2.6.0-M2/spring-boot-starter-2.6.0-M2.jar:/home/finlay/.m2/repository/org/springframework/boot/spring-boot/2.6.0-M2/spring-boot-2.6.0-M2.jar:/home/finlay/.m2/repository/org/springframework/boot/spring-boot-autoconfigure/2.6.0-M2/spring-boot-autoconfigure-2.6.0-M2.jar:/home/finlay/.m2/repository/org/springframework/boot/spring-boot-starter-logging/2.6.0-M2/spring-boot-starter-logging-2.6.0-M2.jar:/home/finlay/.m2/repository/ch/qos/logback/logback-classic/1.2.5/logback-classic-1.2.5.jar:/home/finlay/.m2/repository/ch/qos/logback/logback-core/1.2.5/logback-core-1.2.5.jar:/home/finlay/.m2/repository/org/apache/logging/log4j/log4j-to-slf4j/2.14.1/log4j-to-slf4j-2.14.1.jar:/home/finlay/.m2/repository/org/apache/logging/log4j/log4j-api/2.14.1/log4j-api-2.14.1.jar:/home/finlay/.m2/repository/org/slf4j/jul-to-slf4j/1.7.32/jul-to-slf4j-1.7.32.jar:/home/finlay/.m2/repository/jakarta/annotation/jakarta.annotation-api/1.3.5/jakarta.annotation-api-1.3.5.jar:/home/finlay/.m2/repository/org/yaml/snakeyaml/1.29/snakeyaml-1.29.jar:/home/finlay/.m2/repository/org/springframework/boot/spring-boot-starter-json/2.6.0-M2/spring-boot-starter-json-2.6.0-M2.jar:/home/finlay/.m2/repository/com/fasterxml/jackson/core/jackson-databind/2.12.4/jackson-databind-2.12.4.jar:/home/finlay/.m2/repository/com/fasterxml/jackson/core/jackson-annotations/2.12.4/jackson-annotations-2.12.4.jar:/home/finlay/.m2/repository/com/fasterxml/jackson/core/jackson-core/2.12.4/jackson-core-2.12.4.jar:/home/finlay/.m2/repository/com/fasterxml/jackson/datatype/jackson-datatype-jdk8/2.12.4/jackson-datatype-jdk8-2.12.4.jar:/home/finlay/.m2/repository/com/fasterxml/jackson/datatype/jackson-datatype-jsr310/2.12.4/jackson-datatype-jsr310-2.12.4.jar:/home/finlay/.m2/repository/com/fasterxml/jackson/module/jackson-module-parameter-names/2.12.4/jackson-module-parameter-names-2.12.4.jar:/home/finlay/.m2/repository/org/springframework/boot/spring-boot-starter-tomcat/2.6.0-M2/spring-boot-starter-tomcat-2.6.0-M2.jar:/home/finlay/.m2/repository/org/apache/tomcat/embed/tomcat-embed-core/9.0.52/tomcat-embed-core-9.0.52.jar:/home/finlay/.m2/repository/org/apache/tomcat/embed/tomcat-embed-el/9.0.52/tomcat-embed-el-9.0.52.jar:/home/finlay/.m2/repository/org/apache/tomcat/embed/tomcat-embed-websocket/9.0.52/tomcat-embed-websocket-9.0.52.jar:/home/finlay/.m2/repository/org/springframework/spring-web/5.3.9/spring-web-5.3.9.jar:/home/finlay/.m2/repository/org/springframework/spring-beans/5.3.9/spring-beans-5.3.9.jar:/home/finlay/.m2/repository/org/springframework/spring-webmvc/5.3.9/spring-webmvc-5.3.9.jar:/home/finlay/.m2/repository/org/springframework/spring-aop/5.3.9/spring-aop-5.3.9.jar:/home/finlay/.m2/repository/org/springframework/spring-context/5.3.9/spring-context-5.3.9.jar:/home/finlay/.m2/repository/org/springframework/spring-expression/5.3.9/spring-expression-5.3.9.jar:/home/finlay/.m2/repository/org/springframework/boot/spring-boot-starter-test/2.6.0-M2/spring-boot-starter-test-2.6.0-M2.jar:/home/finlay/.m2/repository/org/springframework/boot/spring-boot-test/2.6.0-M2/spring-boot-test-2.6.0-M2.jar:/home/finlay/.m2/repository/org/springframework/boot/spring-boot-test-autoconfigure/2.6.0-M2/spring-boot-test-autoconfigure-2.6.0-M2.jar:/home/finlay/.m2/repository/com/jayway/jsonpath/json-path/2.6.0/json-path-2.6.0.jar:/home/finlay/.m2/repository/net/minidev/json-smart/2.4.7/json-smart-2.4.7.jar:/home/finlay/.m2/repository/net/minidev/accessors-smart/2.4.7/accessors-smart-2.4.7.jar:/home/finlay/.m2/repository/org/ow2/asm/asm/9.1/asm-9.1.jar:/home/finlay/.m2/repository/org/slf4j/slf4j-api/1.7.32/slf4j-api-1.7.32.jar:/home/finlay/.m2/repository/jakarta/xml/bind/jakarta.xml.bind-api/2.3.3/jakarta.xml.bind-api-2.3.3.jar:/home/finlay/.m2/repository/jakarta/activation/jakarta.activation-api/1.2.2/jakarta.activation-api-1.2.2.jar:/home/finlay/.m2/repository/org/assertj/assertj-core/3.20.2/assertj-core-3.20.2.jar:/home/finlay/.m2/repository/org/hamcrest/hamcrest/2.2/hamcrest-2.2.jar:/home/finlay/.m2/repository/org/junit/jupiter/junit-jupiter/5.7.2/junit-jupiter-5.7.2.jar:/home/finlay/.m2/repository/org/junit/jupiter/junit-jupiter-api/5.7.2/junit-jupiter-api-5.7.2.jar:/home/finlay/.m2/repository/org/apiguardian/apiguardian-api/1.1.0/apiguardian-api-1.1.0.jar:/home/finlay/.m2/repository/org/opentest4j/opentest4j/1.2.0/opentest4j-1.2.0.jar:/home/finlay/.m2/repository/org/junit/platform/junit-platform-commons/1.7.2/junit-platform-commons-1.7.2.jar:/home/finlay/.m2/repository/org/junit/jupiter/junit-jupiter-params/5.7.2/junit-jupiter-params-5.7.2.jar:/home/finlay/.m2/repository/org/junit/jupiter/junit-jupiter-engine/5.7.2/junit-jupiter-engine-5.7.2.jar:/home/finlay/.m2/repository/org/junit/platform/junit-platform-engine/1.7.2/junit-platform-engine-1.7.2.jar:/home/finlay/.m2/repository/org/mockito/mockito-core/3.11.2/mockito-core-3.11.2.jar:/home/finlay/.m2/repository/net/bytebuddy/byte-buddy/1.11.12/byte-buddy-1.11.12.jar:/home/finlay/.m2/repository/net/bytebuddy/byte-buddy-agent/1.11.12/byte-buddy-agent-1.11.12.jar:/home/finlay/.m2/repository/org/objenesis/objenesis/3.2/objenesis-3.2.jar:/home/finlay/.m2/repository/org/mockito/mockito-junit-jupiter/3.11.2/mockito-junit-jupiter-3.11.2.jar:/home/finlay/.m2/repository/org/skyscreamer/jsonassert/1.5.0/jsonassert-1.5.0.jar:/home/finlay/.m2/repository/com/vaadin/external/google/android-json/0.0.20131108.vaadin1/android-json-0.0.20131108.vaadin1.jar:/home/finlay/.m2/repository/org/springframework/spring-core/5.3.9/spring-core-5.3.9.jar:/home/finlay/.m2/repository/org/springframework/spring-jcl/5.3.9/spring-jcl-5.3.9.jar:/home/finlay/.m2/repository/org/springframework/spring-test/5.3.9/spring-test-5.3.9.jar:/home/finlay/.m2/repository/org/xmlunit/xmlunit-core/2.8.2/xmlunit-core-2.8.2.jar:/home/finlay/.m2/repository/org/springframework/boot/spring-boot-starter-thymeleaf/2.6.0-M2/spring-boot-starter-thymeleaf-2.6.0-M2.jar:/home/finlay/.m2/repository/org/thymeleaf/thymeleaf-spring5/3.0.12.RELEASE/thymeleaf-spring5-3.0.12.RELEASE.jar:/home/finlay/.m2/repository/org/thymeleaf/thymeleaf/3.0.12.RELEASE/thymeleaf-3.0.12.RELEASE.jar:/home/finlay/.m2/repository/org/attoparser/attoparser/2.0.5.RELEASE/attoparser-2.0.5.RELEASE.jar:/home/finlay/.m2/repository/org/unbescape/unbescape/1.1.6.RELEASE/unbescape-1.1.6.RELEASE.jar:/home/finlay/.m2/repository/org/thymeleaf/extras/thymeleaf-extras-java8time/3.0.4.RELEASE/thymeleaf-extras-java8time-3.0.4.RELEASE.jar:"/>
    <property name="sun.cpu.endian" value="little"/>
    <property name="user.home" value="/home/finlay"/>
    <property name="user.language" value="en"/>
    <property name="java.specification.vendor" value="Oracle Corporation"/>
    <property name="java.version.date" value="2021-04-20"/>
    <property name="java.home" value="/usr/lib/jvm/java-11-openjdk-amd64"/>
    <property name="file.separator" value="/"/>
    <property name="basedir" value="/home/finlay/ProgrammingProjects/Homepage"/>
    <property name="java.vm.compressedOopsMode" value="Zero based"/>
    <property name="line.separator" value="&#10;"/>
    <property name="java.specification.name" value="Java Platform API Specification"/>
    <property name="java.vm.specification.vendor" value="Oracle Corporation"/>
    <property name="java.awt.graphicsenv" value="sun.awt.X11GraphicsEnvironment"/>
    <property name="surefire.real.class.path" value="/home/finlay/ProgrammingProjects/Homepage/target/surefire/surefirebooter5421674160996995479.jar"/>
    <property name="sun.management.compiler" value="HotSpot 64-Bit Tiered Compilers"/>
    <property name="java.runtime.version" value="11.0.11+9-Ubuntu-0ubuntu2.20.04"/>
    <property name="user.name" value="finlay"/>
    <property name="path.separator" value=":"/>
    <property name="os.version" value="5.11.0-34-generic"/>
    <property name="java.runtime.name" value="OpenJDK Runtime Environment"/>
    <property name="file.encoding" value="UTF-8"/>
    <property name="java.vm.name" value="OpenJDK 64-Bit Server VM"/>
    <property name="localRepository" value="/home/finlay/.m2/repository"/>
    <property name="java.vendor.url.bug" value="https://bugs.launchpad.net/ubuntu/+source/openjdk-lts"/>
    <property name="java.io.tmpdir" value="/tmp"/>
    <property name="java.version" value="11.0.11"/>
    <property name="user.dir" value="/home/finlay/ProgrammingProjects/Homepage"/>
    <property name="os.arch" value="amd64"/>
    <property name="java.vm.specification.name" value="Java Virtual Machine Specification"/>
    <property name="java.awt.printerjob" value="sun.print.PSPrinterJob"/>
    <property name="sun.os.patch.level" value="unknown"/>
    <property name="java.library.path" value="/usr/java/packages/lib:/usr/lib/x86_64-linux-gnu/jni:/lib/x86_64-linux-gnu:/usr/lib/x86_64-linux-gnu:/usr/lib/jni:/lib:/usr/lib"/>
    <property name="java.vm.info" value="mixed mode, sharing"/>
    <property name="java.vendor" value="Ubuntu"/>
    <property name="java.vm.version" value="11.0.11+9-Ubuntu-0ubuntu2.20.04"/>
    <property name="sun.io.unicode.encoding" value="UnicodeLittle"/>
    <property name="java.class.version" value="55.0"/>
  </properties>
  <testcase name="getHello" classname="com.Marsh.Homepage.Unit.HomepageApplicationUnitTests" time="0.172">
    <failure message="Status expected:&lt;200&gt; but was:&lt;406&gt;" type="java.lang.AssertionError"><![CDATA[java.lang.AssertionError: Status expected:<200> but was:<406>
	at com.Marsh.Homepage.Unit.HomepageApplicationUnitTests.getHello(HomepageApplicationUnitTests.java:27)
]]></failure>
    <system-out><![CDATA[01:47:11.267 [main] DEBUG org.springframework.test.context.BootstrapUtils - Instantiating CacheAwareContextLoaderDelegate from class [org.springframework.test.context.cache.DefaultCacheAwareContextLoaderDelegate]
01:47:11.272 [main] DEBUG org.springframework.test.context.BootstrapUtils - Instantiating BootstrapContext using constructor [public org.springframework.test.context.support.DefaultBootstrapContext(java.lang.Class,org.springframework.test.context.CacheAwareContextLoaderDelegate)]
01:47:11.293 [main] DEBUG org.springframework.test.context.BootstrapUtils - Instantiating TestContextBootstrapper for test class [com.Marsh.Homepage.Unit.HomepageApplicationUnitTests] from class [org.springframework.boot.test.context.SpringBootTestContextBootstrapper]
01:47:11.299 [main] INFO org.springframework.boot.test.context.SpringBootTestContextBootstrapper - Neither @ContextConfiguration nor @ContextHierarchy found for test class [com.Marsh.Homepage.Unit.HomepageApplicationUnitTests], using SpringBootContextLoader
01:47:11.301 [main] DEBUG org.springframework.test.context.support.AbstractContextLoader - Did not detect default resource location for test class [com.Marsh.Homepage.Unit.HomepageApplicationUnitTests]: class path resource [com/Marsh/Homepage/Unit/HomepageApplicationUnitTests-context.xml] does not exist
01:47:11.302 [main] DEBUG org.springframework.test.context.support.AbstractContextLoader - Did not detect default resource location for test class [com.Marsh.Homepage.Unit.HomepageApplicationUnitTests]: class path resource [com/Marsh/Homepage/Unit/HomepageApplicationUnitTestsContext.groovy] does not exist
01:47:11.302 [main] INFO org.springframework.test.context.support.AbstractContextLoader - Could not detect default resource locations for test class [com.Marsh.Homepage.Unit.HomepageApplicationUnitTests]: no resource found for suffixes {-context.xml, Context.groovy}.
01:47:11.302 [main] INFO org.springframework.test.context.support.AnnotationConfigContextLoaderUtils - Could not detect default configuration classes for test class [com.Marsh.Homepage.Unit.HomepageApplicationUnitTests]: HomepageApplicationUnitTests does not declare any static, non-private, non-final, nested classes annotated with @Configuration.
01:47:11.337 [main] DEBUG org.springframework.test.context.support.ActiveProfilesUtils - Could not find an 'annotation declaring class' for annotation type [org.springframework.test.context.ActiveProfiles] and class [com.Marsh.Homepage.Unit.HomepageApplicationUnitTests]
01:47:11.366 [main] DEBUG org.springframework.context.annotation.ClassPathScanningCandidateComponentProvider - Identified candidate component class: file [/home/finlay/ProgrammingProjects/Homepage/target/classes/com/Marsh/Homepage/HomepageApplication.class]
01:47:11.367 [main] INFO org.springframework.boot.test.context.SpringBootTestContextBootstrapper - Found @SpringBootConfiguration com.Marsh.Homepage.HomepageApplication for test class com.Marsh.Homepage.Unit.HomepageApplicationUnitTests
01:47:11.411 [main] DEBUG org.springframework.boot.test.context.SpringBootTestContextBootstrapper - @TestExecutionListeners is not present for class [com.Marsh.Homepage.Unit.HomepageApplicationUnitTests]: using defaults.
01:47:11.412 [main] INFO org.springframework.boot.test.context.SpringBootTestContextBootstrapper - Loaded default TestExecutionListener class names from location [META-INF/spring.factories]: [org.springframework.boot.test.mock.mockito.MockitoTestExecutionListener, org.springframework.boot.test.mock.mockito.ResetMocksTestExecutionListener, org.springframework.boot.test.autoconfigure.restdocs.RestDocsTestExecutionListener, org.springframework.boot.test.autoconfigure.web.client.MockRestServiceServerResetTestExecutionListener, org.springframework.boot.test.autoconfigure.web.servlet.MockMvcPrintOnlyOnFailureTestExecutionListener, org.springframework.boot.test.autoconfigure.web.servlet.WebDriverTestExecutionListener, org.springframework.boot.test.autoconfigure.webservices.client.MockWebServiceServerTestExecutionListener, org.springframework.test.context.web.ServletTestExecutionListener, org.springframework.test.context.support.DirtiesContextBeforeModesTestExecutionListener, org.springframework.test.context.event.ApplicationEventsTestExecutionListener, org.springframework.test.context.support.DependencyInjectionTestExecutionListener, org.springframework.test.context.support.DirtiesContextTestExecutionListener, org.springframework.test.context.transaction.TransactionalTestExecutionListener, org.springframework.test.context.jdbc.SqlScriptsTestExecutionListener, org.springframework.test.context.event.EventPublishingTestExecutionListener]
01:47:11.419 [main] DEBUG org.springframework.boot.test.context.SpringBootTestContextBootstrapper - Skipping candidate TestExecutionListener [org.springframework.test.context.transaction.TransactionalTestExecutionListener] due to a missing dependency. Specify custom listener classes or make the default listener classes and their required dependencies available. Offending class: [org/springframework/transaction/interceptor/TransactionAttributeSource]
01:47:11.420 [main] DEBUG org.springframework.boot.test.context.SpringBootTestContextBootstrapper - Skipping candidate TestExecutionListener [org.springframework.test.context.jdbc.SqlScriptsTestExecutionListener] due to a missing dependency. Specify custom listener classes or make the default listener classes and their required dependencies available. Offending class: [org/springframework/transaction/interceptor/TransactionAttribute]
01:47:11.420 [main] INFO org.springframework.boot.test.context.SpringBootTestContextBootstrapper - Using TestExecutionListeners: [org.springframework.test.context.web.ServletTestExecutionListener@40317ba2, org.springframework.test.context.support.DirtiesContextBeforeModesTestExecutionListener@3c01cfa1, org.springframework.test.context.event.ApplicationEventsTestExecutionListener@45d2ade3, org.springframework.boot.test.mock.mockito.MockitoTestExecutionListener@727eb8cb, org.springframework.boot.test.autoconfigure.SpringBootDependencyInjectionTestExecutionListener@39d9314d, org.springframework.test.context.support.DirtiesContextTestExecutionListener@b978d10, org.springframework.test.context.event.EventPublishingTestExecutionListener@5b7a8434, org.springframework.boot.test.mock.mockito.ResetMocksTestExecutionListener@5c45d770, org.springframework.boot.test.autoconfigure.restdocs.RestDocsTestExecutionListener@2ce6c6ec, org.springframework.boot.test.autoconfigure.web.client.MockRestServiceServerResetTestExecutionListener@1bae316d, org.springframework.boot.test.autoconfigure.web.servlet.MockMvcPrintOnlyOnFailureTestExecutionListener@147a5d08, org.springframework.boot.test.autoconfigure.web.servlet.WebDriverTestExecutionListener@6676f6a0, org.springframework.boot.test.autoconfigure.webservices.client.MockWebServiceServerTestExecutionListener@7cbd9d24]
01:47:11.423 [main] DEBUG org.springframework.test.context.support.AbstractDirtiesContextTestExecutionListener - Before test class: context [DefaultTestContext@63eef88a testClass = HomepageApplicationUnitTests, testInstance = [null], testMethod = [null], testException = [null], mergedContextConfiguration = [WebMergedContextConfiguration@53251a66 testClass = HomepageApplicationUnitTests, locations = '{}', classes = '{class com.Marsh.Homepage.HomepageApplication}', contextInitializerClasses = '[]', activeProfiles = '{}', propertySourceLocations = '{}', propertySourceProperties = '{org.springframework.boot.test.context.SpringBootTestContextBootstrapper=true}', contextCustomizers = set[[ImportsContextCustomizer@6853425f key = [org.springframework.boot.test.autoconfigure.web.servlet.MockMvcAutoConfiguration, org.springframework.boot.test.autoconfigure.web.servlet.MockMvcWebClientAutoConfiguration, org.springframework.boot.test.autoconfigure.web.servlet.MockMvcWebDriverAutoConfiguration, org.springframework.boot.autoconfigure.security.oauth2.client.servlet.OAuth2ClientAutoConfiguration, org.springframework.boot.autoconfigure.security.oauth2.resource.servlet.OAuth2ResourceServerAutoConfiguration, org.springframework.boot.autoconfigure.security.servlet.SecurityAutoConfiguration, org.springframework.boot.autoconfigure.security.servlet.SecurityFilterAutoConfiguration, org.springframework.boot.autoconfigure.security.servlet.UserDetailsServiceAutoConfiguration, org.springframework.boot.test.autoconfigure.web.servlet.MockMvcSecurityConfiguration, org.springframework.boot.test.autoconfigure.web.reactive.WebTestClientAutoConfiguration]], org.springframework.boot.test.context.filter.ExcludeFilterContextCustomizer@41e1e210, org.springframework.boot.test.json.DuplicateJsonObjectContextCustomizerFactory$DuplicateJsonObjectContextCustomizer@44821a96, org.springframework.boot.test.mock.mockito.MockitoContextCustomizer@0, org.springframework.boot.test.web.client.TestRestTemplateContextCustomizer@22e357dc, org.springframework.boot.test.autoconfigure.actuate.metrics.MetricsExportContextCustomizerFactory$DisableMetricExportContextCustomizer@50ad3bc1, org.springframework.boot.test.autoconfigure.properties.PropertyMappingContextCustomizer@4b3fa0b3, org.springframework.boot.test.autoconfigure.web.servlet.WebDriverContextCustomizerFactory$Customizer@ea6147e, org.springframework.boot.test.context.SpringBootTestArgs@1, org.springframework.boot.test.context.SpringBootTestWebEnvironment@3d99d22e], resourceBasePath = 'src/main/webapp', contextLoader = 'org.springframework.boot.test.context.SpringBootContextLoader', parent = [null]], attributes = map['org.springframework.test.context.web.ServletTestExecutionListener.activateListener' -> true]], class annotated with @DirtiesContext [false] with mode [null].
01:47:11.444 [main] DEBUG org.springframework.test.context.support.TestPropertySourceUtils - Adding inlined properties to environment: {spring.jmx.enabled=false, org.springframework.boot.test.context.SpringBootTestContextBootstrapper=true}

  .   ____          _            __ _ _
 /\\ / ___'_ __ _ _(_)_ __  __ _ \ \ \ \
( ( )\___ | '_ | '_| | '_ \/ _` | \ \ \ \
 \\/  ___)| |_)| | | | | || (_| |  ) ) ) )
  '  |____| .__|_| |_|_| |_\__, | / / / /
 =========|_|==============|___/=/_/_/_/
 :: Spring Boot ::             (v2.6.0-M2)

2021-09-20 01:47:11.600  INFO 45513 --- [           main] c.M.H.Unit.HomepageApplicationUnitTests  : Starting HomepageApplicationUnitTests using Java 11.0.11 on finlay with PID 45513 (started by finlay in /home/finlay/ProgrammingProjects/Homepage)
2021-09-20 01:47:11.602  INFO 45513 --- [           main] c.M.H.Unit.HomepageApplicationUnitTests  : No active profile set, falling back to default profiles: default
2021-09-20 01:47:12.236  INFO 45513 --- [           main] o.s.b.a.w.s.WelcomePageHandlerMapping    : Adding welcome page template: index
2021-09-20 01:47:12.337  INFO 45513 --- [           main] o.s.b.t.m.w.SpringBootMockServletContext : Initializing Spring TestDispatcherServlet ''
2021-09-20 01:47:12.337  INFO 45513 --- [           main] o.s.t.web.servlet.TestDispatcherServlet  : Initializing Servlet ''
2021-09-20 01:47:12.338  INFO 45513 --- [           main] o.s.t.web.servlet.TestDispatcherServlet  : Completed initialization in 0 ms
2021-09-20 01:47:12.350  INFO 45513 --- [           main] c.M.H.Unit.HomepageApplicationUnitTests  : Started HomepageApplicationUnitTests in 0.903 seconds (JVM running for 1.439)
2021-09-20 01:47:12.518  WARN 45513 --- [           main] .w.s.m.s.DefaultHandlerExceptionResolver : Resolved [org.springframework.web.HttpMediaTypeNotAcceptableException: Could not find acceptable representation]

MockHttpServletRequest:
      HTTP Method = GET
      Request URI = /
       Parameters = {}
          Headers = [Accept:"application/json"]
             Body = null
    Session Attrs = {}

Handler:
             Type = null

Async:
    Async started = false
     Async result = null

Resolved Exception:
             Type = org.springframework.web.HttpMediaTypeNotAcceptableException

ModelAndView:
        View name = null
             View = null
            Model = null

FlashMap:
       Attributes = null

MockHttpServletResponse:
           Status = 406
    Error message = null
          Headers = []
     Content type = null
             Body = 
    Forwarded URL = null
   Redirected URL = null
          Cookies = []
]]></system-out>
  </testcase>
</testsuite>