<?xml version="1.0" encoding="UTF-8"?>
<testsuite xmlns:xsi="http://www.w3.org/2001/XMLSchema-instance" xsi:noNamespaceSchemaLocation="https://maven.apache.org/surefire/maven-surefire-plugin/xsd/surefire-test-report.xsd" name="com.Marsh.Homepage.Integration.HomepageApplicationIntegrationTests" time="0.721" tests="1" errors="0" skipped="0" failures="1">
  <properties>
    <property name="sun.desktop" value="gnome"/>
    <property name="awt.toolkit" value="sun.awt.X11.XToolkit"/>
    <property name="java.specification.version" value="11"/>
    <property name="sun.cpu.isalist" value=""/>
    <property name="sun.jnu.encoding" value="UTF-8"/>
    <property name="java.class.path" value="/home/finlay/ProgrammingProjects/Homepage/target/test-classes:/home/finlay/ProgrammingProjects/Homepage/target/classes:/home/finlay/.m2/repository/org/springframework/boot/spring-boot-starter-web/2.6.0-M2/spring-boot-starter-web-2.6.0-M2.jar:/home/finlay/.m2/repository/org/springframework/boot/spring-boot-starter/2.6.0-M2/spring-boot-starter-2.6.0-M2.jar:/home/finlay/.m2/repository/org/springframework/boot/spring-boot/2.6.0-M2/spring-boot-2.6.0-M2.jar:/home/finlay/.m2/repository/org/springframework/boot/spring-boot-autoconfigure/2.6.0-M2/spring-boot-autoconfigure-2.6.0-M2.jar:/home/finlay/.m2/repository/org/springframework/boot/spring-boot-starter-logging/2.6.0-M2/spring-boot-starter-logging-2.6.0-M2.jar:/home/finlay/.m2/repository/ch/qos/logback/logback-classic/1.2.5/logback-classic-1.2.5.jar:/home/finlay/.m2/repository/ch/qos/logback/logback-core/1.2.5/logback-core-1.2.5.jar:/home/finlay/.m2/repository/org/apache/logging/log4j/log4j-to-slf4j/2.14.1/log4j-to-slf4j-2.14.1.jar:/home/finlay/.m2/repository/org/apache/logging/log4j/log4j-api/2.14.1/log4j-api-2.14.1.jar:/home/finlay/.m2/repository/org/slf4j/jul-to-slf4j/1.7.32/jul-to-slf4j-1.7.32.jar:/home/finlay/.m2/repository/jakarta/annotation/jakarta.annotation-api/1.3.5/jakarta.annotation-api-1.3.5.jar:/home/finlay/.m2/repository/org/yaml/snakeyaml/1.29/snakeyaml-1.29.jar:/home/finlay/.m2/repository/org/springframework/boot/spring-boot-starter-json/2.6.0-M2/spring-boot-starter-json-2.6.0-M2.jar:/home/finlay/.m2/repository/com/fasterxml/jackson/core/jackson-databind/2.12.4/jackson-databind-2.12.4.jar:/home/finlay/.m2/repository/com/fasterxml/jackson/core/jackson-annotations/2.12.4/jackson-annotations-2.12.4.jar:/home/finlay/.m2/repository/com/fasterxml/jackson/core/jackson-core/2.12.4/jackson-core-2.12.4.jar:/home/finlay/.m2/repository/com/fasterxml/jackson/datatype/jackson-datatype-jdk8/2.12.4/jackson-datatype-jdk8-2.12.4.jar:/home/finlay/.m2/repository/com/fasterxml/jackson/datatype/jackson-datatype-jsr310/2.12.4/jackson-datatype-jsr310-2.12.4.jar:/home/finlay/.m2/repository/com/fasterxml/jackson/module/jackson-module-parameter-names/2.12.4/jackson-module-parameter-names-2.12.4.jar:/home/finlay/.m2/repository/org/springframework/boot/spring-boot-starter-tomcat/2.6.0-M2/spring-boot-starter-tomcat-2.6.0-M2.jar:/home/finlay/.m2/repository/org/apache/tomcat/embed/tomcat-embed-core/9.0.52/tomcat-embed-core-9.0.52.jar:/home/finlay/.m2/repository/org/apache/tomcat/embed/tomcat-embed-el/9.0.52/tomcat-embed-el-9.0.52.jar:/home/finlay/.m2/repository/org/apache/tomcat/embed/tomcat-embed-websocket/9.0.52/tomcat-embed-websocket-9.0.52.jar:/home/finlay/.m2/repository/org/springframework/spring-web/5.3.9/spring-web-5.3.9.jar:/home/finlay/.m2/repository/org/springframework/spring-beans/5.3.9/spring-beans-5.3.9.jar:/home/finlay/.m2/repository/org/springframework/spring-webmvc/5.3.9/spring-webmvc-5.3.9.jar:/home/finlay/.m2/repository/org/springframework/spring-aop/5.3.9/spring-aop-5.3.9.jar:/home/finlay/.m2/repository/org/springframework/spring-context/5.3.9/spring-context-5.3.9.jar:/home/finlay/.m2/repository/org/springframework/spring-expression/5.3.9/spring-expression-5.3.9.jar:/home/finlay/.m2/repository/org/springframework/boot/spring-boot-starter-test/2.6.0-M2/spring-boot-starter-test-2.6.0-M2.jar:/home/finlay/.m2/repository/org/springframework/boot/spring-boot-test/2.6.0-M2/spring-boot-test-2.6.0-M2.jar:/home/finlay/.m2/repository/org/springframework/boot/spring-boot-test-autoconfigure/2.6.0-M2/spring-boot-test-autoconfigure-2.6.0-M2.jar:/home/finlay/.m2/repository/com/jayway/jsonpath/json-path/2.6.0/json-path-2.6.0.jar:/home/finlay/.m2/repository/net/minidev/json-smart/2.4.7/json-smart-2.4.7.jar:/home/finlay/.m2/repository/net/minidev/accessors-smart/2.4.7/accessors-smart-2.4.7.jar:/home/finlay/.m2/repository/org/ow2/asm/asm/9.1/asm-9.1.jar:/home/finlay/.m2/repository/org/slf4j/slf4j-api/1.7.32/slf4j-api-1.7.32.jar:/home/finlay/.m2/repository/jakarta/xml/bind/jakarta.xml.bind-api/2.3.3/jakarta.xml.bind-api-2.3.3.jar:/home/finlay/.m2/repository/jakarta/activation/jakarta.activation-api/1.2.2/jakarta.activation-api-1.2.2.jar:/home/finlay/.m2/repository/org/assertj/assertj-core/3.20.2/assertj-core-3.20.2.jar:/home/finlay/.m2/repository/org/hamcrest/hamcrest/2.2/hamcrest-2.2.jar:/home/finlay/.m2/repository/org/junit/jupiter/junit-jupiter/5.7.2/junit-jupiter-5.7.2.jar:/home/finlay/.m2/repository/org/junit/jupiter/junit-jupiter-api/5.7.2/junit-jupiter-api-5.7.2.jar:/home/finlay/.m2/repository/org/apiguardian/apiguardian-api/1.1.0/apiguardian-api-1.1.0.jar:/home/finlay/.m2/repository/org/opentest4j/opentest4j/1.2.0/opentest4j-1.2.0.jar:/home/finlay/.m2/repository/org/junit/platform/junit-platform-commons/1.7.2/junit-platform-commons-1.7.2.jar:/home/finlay/.m2/repository/org/junit/jupiter/junit-jupiter-params/5.7.2/junit-jupiter-params-5.7.2.jar:/home/finlay/.m2/repository/org/junit/jupiter/junit-jupiter-engine/5.7.2/junit-jupiter-engine-5.7.2.jar:/home/finlay/.m2/repository/org/junit/platform/junit-platform-engine/1.7.2/junit-platform-engine-1.7.2.jar:/home/finlay/.m2/repository/org/mockito/mockito-core/3.11.2/mockito-core-3.11.2.jar:/home/finlay/.m2/repository/net/bytebuddy/byte-buddy/1.11.12/byte-buddy-1.11.12.jar:/home/finlay/.m2/repository/net/bytebuddy/byte-buddy-agent/1.11.12/byte-buddy-agent-1.11.12.jar:/home/finlay/.m2/repository/org/objenesis/objenesis/3.2/objenesis-3.2.jar:/home/finlay/.m2/repository/org/mockito/mockito-junit-jupiter/3.11.2/mockito-junit-jupiter-3.11.2.jar:/home/finlay/.m2/repository/org/skyscreamer/jsonassert/1.5.0/jsonassert-1.5.0.jar:/home/finlay/.m2/repository/com/vaadin/external/google/android-json/0.0.20131108.vaadin1/android-json-0.0.20131108.vaadin1.jar:/home/finlay/.m2/repository/org/springframework/spring-core/5.3.9/spring-core-5.3.9.jar:/home/finlay/.m2/repository/org/springframework/spring-jcl/5.3.9/spring-jcl-5.3.9.jar:/home/finlay/.m2/repository/org/springframework/spring-test/5.3.9/spring-test-5.3.9.jar:/home/finlay/.m2/repository/org/xmlunit/xmlunit-core/2.8.2/xmlunit-core-2.8.2.jar:/home/finlay/.m2/repository/org/springframework/boot/spring-boot-starter-thymeleaf/2.6.0-M2/spring-boot-starter-thymeleaf-2.6.0-M2.jar:/home/finlay/.m2/repository/org/thymeleaf/thymeleaf-spring5/3.0.12.RELEASE/thymeleaf-spring5-3.0.12.RELEASE.jar:/home/finlay/.m2/repository/org/thymeleaf/thymeleaf/3.0.12.RELEASE/thymeleaf-3.0.12.RELEASE.jar:/home/finlay/.m2/repository/org/attoparser/attoparser/2.0.5.RELEASE/attoparser-2.0.5.RELEASE.jar:/home/finlay/.m2/repository/org/unbescape/unbescape/1.1.6.RELEASE/unbescape-1.1.6.RELEASE.jar:/home/finlay/.m2/repository/org/thymeleaf/extras/thymeleaf-extras-java8time/3.0.4.RELEASE/thymeleaf-extras-java8time-3.0.4.RELEASE.jar:"/>
    <property name="java.vm.vendor" value="Ubuntu"/>
    <property name="sun.arch.data.model" value="64"/>
    <property name="java.vendor.url" value="https://ubuntu.com/"/>
    <property name="user.timezone" value=""/>
    <property name="java.vm.specification.version" value="11"/>
    <property name="os.name" value="Linux"/>
    <property name="sun.java.launcher" value="SUN_STANDARD"/>
    <property name="user.country" value="GB"/>
    <property name="sun.boot.library.path" value="/usr/lib/jvm/java-11-openjdk-amd64/lib"/>
    <property name="sun.java.command" value="/home/finlay/ProgrammingProjects/Homepage/target/surefire/surefirebooter5421674160996995479.jar /home/finlay/ProgrammingProjects/Homepage/target/surefire 2021-09-20T01-47-10_823-jvmRun1 surefire14957826622861347454tmp surefire_08610683973889301886tmp"/>
    <property name="jdk.debug" value="release"/>
    <property name="surefire.test.class.path" value="/home/finlay/ProgrammingProjects/Homepage/target/test-classes:/home/finlay/ProgrammingProjects/Homepage/target/classes:/home/finlay/.m2/repository/org/springframework/boot/spring-boot-starter-web/2.6.0-M2/spring-boot-starter-web-2.6.0-M2.jar:/home/finlay/.m2/repository/org/springframework/boot/spring-boot-starter/2.6.0-M2/spring-boot-starter-2.6.0-M2.jar:/home/finlay/.m2/repository/org/springframework/boot/spring-boot/2.6.0-M2/spring-boot-2.6.0-M2.jar:/home/finlay/.m2/repository/org/springframework/boot/spring-boot-autoconfigure/2.6.0-M2/spring-boot-autoconfigure-2.6.0-M2.jar:/home/finlay/.m2/repository/org/springframework/boot/spring-boot-starter-logging/2.6.0-M2/spring-boot-starter-logging-2.6.0-M2.jar:/home/finlay/.m2/repository/ch/qos/logback/logback-classic/1.2.5/logback-classic-1.2.5.jar:/home/finlay/.m2/repository/ch/qos/logback/logback-core/1.2.5/logback-core-1.2.5.jar:/home/finlay/.m2/repository/org/apache/logging/log4j/log4j-to-slf4j/2.14.1/log4j-to-slf4j-2.14.1.jar:/home/finlay/.m2/repository/org/apache/logging/log4j/log4j-api/2.14.1/log4j-api-2.14.1.jar:/home/finlay/.m2/repository/org/slf4j/jul-to-slf4j/1.7.32/jul-to-slf4j-1.7.32.jar:/home/finlay/.m2/repository/jakarta/annotation/jakarta.annotation-api/1.3.5/jakarta.annotation-api-1.3.5.jar:/home/finlay/.m2/repository/org/yaml/snakeyaml/1.29/snakeyaml-1.29.jar:/home/finlay/.m2/repository/org/springframework/boot/spring-boot-starter-json/2.6.0-M2/spring-boot-starter-json-2.6.0-M2.jar:/home/finlay/.m2/repository/com/fasterxml/jackson/core/jackson-databind/2.12.4/jackson-databind-2.12.4.jar:/home/finlay/.m2/repository/com/fasterxml/jackson/core/jackson-annotations/2.12.4/jackson-annotations-2.12.4.jar:/home/finlay/.m2/repository/com/fasterxml/jackson/core/jackson-core/2.12.4/jackson-core-2.12.4.jar:/home/finlay/.m2/repository/com/fasterxml/jackson/datatype/jackson-datatype-jdk8/2.12.4/jackson-datatype-jdk8-2.12.4.jar:/home/finlay/.m2/repository/com/fasterxml/jackson/datatype/jackson-datatype-jsr310/2.12.4/jackson-datatype-jsr310-2.12.4.jar:/home/finlay/.m2/repository/com/fasterxml/jackson/module/jackson-module-parameter-names/2.12.4/jackson-module-parameter-names-2.12.4.jar:/home/finlay/.m2/repository/org/springframework/boot/spring-boot-starter-tomcat/2.6.0-M2/spring-boot-starter-tomcat-2.6.0-M2.jar:/home/finlay/.m2/repository/org/apache/tomcat/embed/tomcat-embed-core/9.0.52/tomcat-embed-core-9.0.52.jar:/home/finlay/.m2/repository/org/apache/tomcat/embed/tomcat-embed-el/9.0.52/tomcat-embed-el-9.0.52.jar:/home/finlay/.m2/repository/org/apache/tomcat/embed/tomcat-embed-websocket/9.0.52/tomcat-embed-websocket-9.0.52.jar:/home/finlay/.m2/repository/org/springframework/spring-web/5.3.9/spring-web-5.3.9.jar:/home/finlay/.m2/repository/org/springframework/spring-beans/5.3.9/spring-beans-5.3.9.jar:/home/finlay/.m2/repository/org/springframework/spring-webmvc/5.3.9/spring-webmvc-5.3.9.jar:/home/finlay/.m2/repository/org/springframework/spring-aop/5.3.9/spring-aop-5.3.9.jar:/home/finlay/.m2/repository/org/springframework/spring-context/5.3.9/spring-context-5.3.9.jar:/home/finlay/.m2/repository/org/springframework/spring-expression/5.3.9/spring-expression-5.3.9.jar:/home/finlay/.m2/repository/org/springframework/boot/spring-boot-starter-test/2.6.0-M2/spring-boot-starter-test-2.6.0-M2.jar:/home/finlay/.m2/repository/org/springframework/boot/spring-boot-test/2.6.0-M2/spring-boot-test-2.6.0-M2.jar:/home/finlay/.m2/repository/org/springframework/boot/spring-boot-test-autoconfigure/2.6.0-M2/spring-boot-test-autoconfigure-2.6.0-M2.jar:/home/finlay/.m2/repository/com/jayway/jsonpath/json-path/2.6.0/json-path-2.6.0.jar:/home/finlay/.m2/repository/net/minidev/json-smart/2.4.7/json-smart-2.4.7.jar:/home/finlay/.m2/repository/net/minidev/accessors-smart/2.4.7/accessors-smart-2.4.7.jar:/home/finlay/.m2/repository/org/ow2/asm/asm/9.1/asm-9.1.jar:/home/finlay/.m2/repository/org/slf4j/slf4j-api/1.7.32/slf4j-api-1.7.32.jar:/home/finlay/.m2/repository/jakarta/xml/bind/jakarta.xml.bind-api/2.3.3/jakarta.xml.bind-api-2.3.3.jar:/home/finlay/.m2/repository/jakarta/activation/jakarta.activation-api/1.2.2/jakarta.activation-api-1.2.2.jar:/home/finlay/.m2/repository/org/assertj/assertj-core/3.20.2/assertj-core-3.20.2.jar:/home/finlay/.m2/repository/org/hamcrest/hamcrest/2.2/hamcrest-2.2.jar:/home/finlay/.m2/repository/org/junit/jupiter/junit-jupiter/5.7.2/junit-jupiter-5.7.2.jar:/home/finlay/.m2/repository/org/junit/jupiter/junit-jupiter-api/5.7.2/junit-jupiter-api-5.7.2.jar:/home/finlay/.m2/repository/org/apiguardian/apiguardian-api/1.1.0/apiguardian-api-1.1.0.jar:/home/finlay/.m2/repository/org/opentest4j/opentest4j/1.2.0/opentest4j-1.2.0.jar:/home/finlay/.m2/repository/org/junit/platform/junit-platform-commons/1.7.2/junit-platform-commons-1.7.2.jar:/home/finlay/.m2/repository/org/junit/jupiter/junit-jupiter-params/5.7.2/junit-jupiter-params-5.7.2.jar:/home/finlay/.m2/repository/org/junit/jupiter/junit-jupiter-engine/5.7.2/junit-jupiter-engine-5.7.2.jar:/home/finlay/.m2/repository/org/junit/platform/junit-platform-engine/1.7.2/junit-platform-engine-1.7.2.jar:/home/finlay/.m2/repository/org/mockito/mockito-core/3.11.2/mockito-core-3.11.2.jar:/home/finlay/.m2/repository/net/bytebuddy/byte-buddy/1.11.12/byte-buddy-1.11.12.jar:/home/finlay/.m2/repository/net/bytebuddy/byte-buddy-agent/1.11.12/byte-buddy-agent-1.11.12.jar:/home/finlay/.m2/repository/org/objenesis/objenesis/3.2/objenesis-3.2.jar:/home/finlay/.m2/repository/org/mockito/mockito-junit-jupiter/3.11.2/mockito-junit-jupiter-3.11.2.jar:/home/finlay/.m2/repository/org/skyscreamer/jsonassert/1.5.0/jsonassert-1.5.0.jar:/home/finlay/.m2/repository/com/vaadin/external/google/android-json/0.0.20131108.vaadin1/android-json-0.0.20131108.vaadin1.jar:/home/finlay/.m2/repository/org/springframework/spring-core/5.3.9/spring-core-5.3.9.jar:/home/finlay/.m2/repository/org/springframework/spring-jcl/5.3.9/spring-jcl-5.3.9.jar:/home/finlay/.m2/repository/org/springframework/spring-test/5.3.9/spring-test-5.3.9.jar:/home/finlay/.m2/repository/org/xmlunit/xmlunit-core/2.8.2/xmlunit-core-2.8.2.jar:/home/finlay/.m2/repository/org/springframework/boot/spring-boot-starter-thymeleaf/2.6.0-M2/spring-boot-starter-thymeleaf-2.6.0-M2.jar:/home/finlay/.m2/repository/org/thymeleaf/thymeleaf-spring5/3.0.12.RELEASE/thymeleaf-spring5-3.0.12.RELEASE.jar:/home/finlay/.m2/repository/org/thymeleaf/thymeleaf/3.0.12.RELEASE/thymeleaf-3.0.12.RELEASE.jar:/home/finlay/.m2/repository/org/attoparser/attoparser/2.0.5.RELEASE/attoparser-2.0.5.RELEASE.jar:/home/finlay/.m2/repository/org/unbescape/unbescape/1.1.6.RELEASE/unbescape-1.1.6.RELEASE.jar:/home/finlay/.m2/repository/org/thymeleaf/extras/thymeleaf-extras-java8time/3.0.4.RELEASE/thymeleaf-extras-java8time-3.0.4.RELEASE.jar:"/>
    <property name="sun.cpu.endian" value="little"/>
    <property name="user.home" value="/home/finlay"/>
    <property name="user.language" value="en"/>
    <property name="java.specification.vendor" value="Oracle Corporation"/>
    <property name="java.version.date" value="2021-04-20"/>
    <property name="java.home" value="/usr/lib/jvm/java-11-openjdk-amd64"/>
    <property name="file.separator" value="/"/>
    <property name="basedir" value="/home/finlay/ProgrammingProjects/Homepage"/>
    <property name="java.vm.compressedOopsMode" value="Zero based"/>
    <property name="line.separator" value="&#10;"/>
    <property name="java.specification.name" value="Java Platform API Specification"/>
    <property name="java.vm.specification.vendor" value="Oracle Corporation"/>
    <property name="java.awt.graphicsenv" value="sun.awt.X11GraphicsEnvironment"/>
    <property name="surefire.real.class.path" value="/home/finlay/ProgrammingProjects/Homepage/target/surefire/surefirebooter5421674160996995479.jar"/>
    <property name="sun.management.compiler" value="HotSpot 64-Bit Tiered Compilers"/>
    <property name="java.runtime.version" value="11.0.11+9-Ubuntu-0ubuntu2.20.04"/>
    <property name="user.name" value="finlay"/>
    <property name="path.separator" value=":"/>
    <property name="os.version" value="5.11.0-34-generic"/>
    <property name="java.runtime.name" value="OpenJDK Runtime Environment"/>
    <property name="file.encoding" value="UTF-8"/>
    <property name="java.vm.name" value="OpenJDK 64-Bit Server VM"/>
    <property name="localRepository" value="/home/finlay/.m2/repository"/>
    <property name="java.vendor.url.bug" value="https://bugs.launchpad.net/ubuntu/+source/openjdk-lts"/>
    <property name="java.io.tmpdir" value="/tmp"/>
    <property name="java.version" value="11.0.11"/>
    <property name="user.dir" value="/home/finlay/ProgrammingProjects/Homepage"/>
    <property name="os.arch" value="amd64"/>
    <property name="java.vm.specification.name" value="Java Virtual Machine Specification"/>
    <property name="java.awt.printerjob" value="sun.print.PSPrinterJob"/>
    <property name="sun.os.patch.level" value="unknown"/>
    <property name="java.library.path" value="/usr/java/packages/lib:/usr/lib/x86_64-linux-gnu/jni:/lib/x86_64-linux-gnu:/usr/lib/x86_64-linux-gnu:/usr/lib/jni:/lib:/usr/lib"/>
    <property name="java.vm.info" value="mixed mode, sharing"/>
    <property name="java.vendor" value="Ubuntu"/>
    <property name="java.vm.version" value="11.0.11+9-Ubuntu-0ubuntu2.20.04"/>
    <property name="sun.io.unicode.encoding" value="UnicodeLittle"/>
    <property name="java.class.version" value="55.0"/>
  </properties>
  <testcase name="getHello" classname="com.Marsh.Homepage.Integration.HomepageApplicationIntegrationTests" time="0.234">
    <failure message="&#10;expected: &quot;Greetings from Spring Boot!&#10;&quot;&#10; but was: &quot;&lt;!DOCTYPE HTML&gt;&#10;&lt;html xmlns:layout=&quot;http://www.ultraq.net.nz/thymeleaf/layout&quot;&#10;      layout:decorate=&quot;~{layouts/default}&quot;&gt;&#10;&#10;&lt;head&gt;&#10;&lt;title&gt;EventLite Home&lt;/title&gt;&#10;&lt;meta http-equiv=&quot;Content-Type&quot; content=&quot;text/html; charset=UTF-8&quot; /&gt;&#10;&lt;/head&gt;&#10;&lt;body&gt;&#10;&lt;p&gt;Hello World!&lt;/p&gt;&#10;&lt;/body&gt;&#10;&lt;/html&gt;&quot;" type="org.opentest4j.AssertionFailedError"><![CDATA[org.opentest4j.AssertionFailedError: 

expected: "Greetings from Spring Boot!
"
 but was: "<!DOCTYPE HTML>
<html xmlns:layout="http://www.ultraq.net.nz/thymeleaf/layout"
      layout:decorate="~{layouts/default}">

<head>
<title>EventLite Home</title>
<meta http-equiv="Content-Type" content="text/html; charset=UTF-8" />
</head>
<body>
<p>Hello World!</p>
</body>
</html>"
	at com.Marsh.Homepage.Integration.HomepageApplicationIntegrationTests.getHello(HomepageApplicationIntegrationTests.java:20)
]]></failure>
    <system-out><![CDATA[2021-09-20 01:47:12.536  INFO 45513 --- [           main] .b.t.c.SpringBootTestContextBootstrapper : Neither @ContextConfiguration nor @ContextHierarchy found for test class [com.Marsh.Homepage.Integration.HomepageApplicationIntegrationTests], using SpringBootContextLoader
2021-09-20 01:47:12.536  INFO 45513 --- [           main] o.s.t.c.support.AbstractContextLoader    : Could not detect default resource locations for test class [com.Marsh.Homepage.Integration.HomepageApplicationIntegrationTests]: no resource found for suffixes {-context.xml, Context.groovy}.
2021-09-20 01:47:12.536  INFO 45513 --- [           main] t.c.s.AnnotationConfigContextLoaderUtils : Could not detect default configuration classes for test class [com.Marsh.Homepage.Integration.HomepageApplicationIntegrationTests]: HomepageApplicationIntegrationTests does not declare any static, non-private, non-final, nested classes annotated with @Configuration.
2021-09-20 01:47:12.539  INFO 45513 --- [           main] .b.t.c.SpringBootTestContextBootstrapper : Found @SpringBootConfiguration com.Marsh.Homepage.HomepageApplication for test class com.Marsh.Homepage.Integration.HomepageApplicationIntegrationTests
2021-09-20 01:47:12.540  INFO 45513 --- [           main] .b.t.c.SpringBootTestContextBootstrapper : Loaded default TestExecutionListener class names from location [META-INF/spring.factories]: [org.springframework.boot.test.mock.mockito.MockitoTestExecutionListener, org.springframework.boot.test.mock.mockito.ResetMocksTestExecutionListener, org.springframework.boot.test.autoconfigure.restdocs.RestDocsTestExecutionListener, org.springframework.boot.test.autoconfigure.web.client.MockRestServiceServerResetTestExecutionListener, org.springframework.boot.test.autoconfigure.web.servlet.MockMvcPrintOnlyOnFailureTestExecutionListener, org.springframework.boot.test.autoconfigure.web.servlet.WebDriverTestExecutionListener, org.springframework.boot.test.autoconfigure.webservices.client.MockWebServiceServerTestExecutionListener, org.springframework.test.context.web.ServletTestExecutionListener, org.springframework.test.context.support.DirtiesContextBeforeModesTestExecutionListener, org.springframework.test.context.event.ApplicationEventsTestExecutionListener, org.springframework.test.context.support.DependencyInjectionTestExecutionListener, org.springframework.test.context.support.DirtiesContextTestExecutionListener, org.springframework.test.context.transaction.TransactionalTestExecutionListener, org.springframework.test.context.jdbc.SqlScriptsTestExecutionListener, org.springframework.test.context.event.EventPublishingTestExecutionListener]
2021-09-20 01:47:12.540  INFO 45513 --- [           main] .b.t.c.SpringBootTestContextBootstrapper : Using TestExecutionListeners: [org.springframework.test.context.web.ServletTestExecutionListener@7fe07361, org.springframework.test.context.support.DirtiesContextBeforeModesTestExecutionListener@741ac284, org.springframework.test.context.event.ApplicationEventsTestExecutionListener@4ef4f627, org.springframework.boot.test.mock.mockito.MockitoTestExecutionListener@4ea56bdb, org.springframework.boot.test.autoconfigure.SpringBootDependencyInjectionTestExecutionListener@32227215, org.springframework.test.context.support.DirtiesContextTestExecutionListener@108e9837, org.springframework.test.context.event.EventPublishingTestExecutionListener@79a201cf, org.springframework.boot.test.mock.mockito.ResetMocksTestExecutionListener@1cbc5693, org.springframework.boot.test.autoconfigure.restdocs.RestDocsTestExecutionListener@3d2f3dcb, org.springframework.boot.test.autoconfigure.web.client.MockRestServiceServerResetTestExecutionListener@59845579, org.springframework.boot.test.autoconfigure.web.servlet.MockMvcPrintOnlyOnFailureTestExecutionListener@30c19bff, org.springframework.boot.test.autoconfigure.web.servlet.WebDriverTestExecutionListener@4e375bba, org.springframework.boot.test.autoconfigure.webservices.client.MockWebServiceServerTestExecutionListener@ab2e6d2]

  .   ____          _            __ _ _
 /\\ / ___'_ __ _ _(_)_ __  __ _ \ \ \ \
( ( )\___ | '_ | '_| | '_ \/ _` | \ \ \ \
 \\/  ___)| |_)| | | | | || (_| |  ) ) ) )
  '  |____| .__|_| |_|_| |_\__, | / / / /
 =========|_|==============|___/=/_/_/_/
 :: Spring Boot ::             (v2.6.0-M2)

2021-09-20 01:47:12.581  INFO 45513 --- [           main] .H.I.HomepageApplicationIntegrationTests : Starting HomepageApplicationIntegrationTests using Java 11.0.11 on finlay with PID 45513 (started by finlay in /home/finlay/ProgrammingProjects/Homepage)
2021-09-20 01:47:12.582  INFO 45513 --- [           main] .H.I.HomepageApplicationIntegrationTests : No active profile set, falling back to default profiles: default
2021-09-20 01:47:12.798  INFO 45513 --- [           main] o.s.b.w.embedded.tomcat.TomcatWebServer  : Tomcat initialized with port(s): 0 (http)
2021-09-20 01:47:12.806  INFO 45513 --- [           main] o.apache.catalina.core.StandardService   : Starting service [Tomcat]
2021-09-20 01:47:12.806  INFO 45513 --- [           main] org.apache.catalina.core.StandardEngine  : Starting Servlet engine: [Apache Tomcat/9.0.52]
2021-09-20 01:47:12.862  INFO 45513 --- [           main] o.a.c.c.C.[Tomcat].[localhost].[/]       : Initializing Spring embedded WebApplicationContext
2021-09-20 01:47:12.862  INFO 45513 --- [           main] w.s.c.ServletWebServerApplicationContext : Root WebApplicationContext: initialization completed in 278 ms
2021-09-20 01:47:12.951  INFO 45513 --- [           main] o.s.b.a.w.s.WelcomePageHandlerMapping    : Adding welcome page template: index
2021-09-20 01:47:13.030  INFO 45513 --- [           main] o.s.b.w.embedded.tomcat.TomcatWebServer  : Tomcat started on port(s): 42741 (http) with context path ''
2021-09-20 01:47:13.032  INFO 45513 --- [           main] .H.I.HomepageApplicationIntegrationTests : Started HomepageApplicationIntegrationTests in 0.49 seconds (JVM running for 2.122)
2021-09-20 01:47:13.102  INFO 45513 --- [o-auto-1-exec-1] o.a.c.c.C.[Tomcat].[localhost].[/]       : Initializing Spring DispatcherServlet 'dispatcherServlet'
2021-09-20 01:47:13.103  INFO 45513 --- [o-auto-1-exec-1] o.s.web.servlet.DispatcherServlet        : Initializing Servlet 'dispatcherServlet'
2021-09-20 01:47:13.104  INFO 45513 --- [o-auto-1-exec-1] o.s.web.servlet.DispatcherServlet        : Completed initialization in 1 ms
oioi
]]></system-out>
  </testcase>
</testsuite>