<?xml version="1.0" encoding="UTF-8"?>
<testsuite xmlns:xsi="http://www.w3.org/2001/XMLSchema-instance" xsi:noNamespaceSchemaLocation="https://maven.apache.org/surefire/maven-surefire-plugin/xsd/surefire-test-report.xsd" name="com.Marsh.Homepage.PostControllerUnitTests" time="2.771" tests="1" errors="0" skipped="0" failures="1">
  <properties>
    <property name="sun.desktop" value="gnome"/>
    <property name="awt.toolkit" value="sun.awt.X11.XToolkit"/>
    <property name="java.specification.version" value="11"/>
    <property name="sun.cpu.isalist" value=""/>
    <property name="sun.jnu.encoding" value="UTF-8"/>
    <property name="java.class.path" value="/home/finlay/ProgrammingProjects/Homepage/spring-boot/target/test-classes:/home/finlay/ProgrammingProjects/Homepage/spring-boot/target/classes:/home/finlay/.m2/repository/org/springframework/boot/spring-boot-starter-web/2.6.0-M2/spring-boot-starter-web-2.6.0-M2.jar:/home/finlay/.m2/repository/org/springframework/boot/spring-boot-starter/2.6.0-M2/spring-boot-starter-2.6.0-M2.jar:/home/finlay/.m2/repository/org/springframework/boot/spring-boot-starter-logging/2.6.0-M2/spring-boot-starter-logging-2.6.0-M2.jar:/home/finlay/.m2/repository/ch/qos/logback/logback-classic/1.2.5/logback-classic-1.2.5.jar:/home/finlay/.m2/repository/ch/qos/logback/logback-core/1.2.5/logback-core-1.2.5.jar:/home/finlay/.m2/repository/org/apache/logging/log4j/log4j-to-slf4j/2.14.1/log4j-to-slf4j-2.14.1.jar:/home/finlay/.m2/repository/org/apache/logging/log4j/log4j-api/2.14.1/log4j-api-2.14.1.jar:/home/finlay/.m2/repository/org/slf4j/jul-to-slf4j/1.7.32/jul-to-slf4j-1.7.32.jar:/home/finlay/.m2/repository/jakarta/annotation/jakarta.annotation-api/1.3.5/jakarta.annotation-api-1.3.5.jar:/home/finlay/.m2/repository/org/yaml/snakeyaml/1.29/snakeyaml-1.29.jar:/home/finlay/.m2/repository/org/springframework/boot/spring-boot-starter-json/2.6.0-M2/spring-boot-starter-json-2.6.0-M2.jar:/home/finlay/.m2/repository/com/fasterxml/jackson/core/jackson-databind/2.12.4/jackson-databind-2.12.4.jar:/home/finlay/.m2/repository/com/fasterxml/jackson/core/jackson-annotations/2.12.4/jackson-annotations-2.12.4.jar:/home/finlay/.m2/repository/com/fasterxml/jackson/core/jackson-core/2.12.4/jackson-core-2.12.4.jar:/home/finlay/.m2/repository/com/fasterxml/jackson/datatype/jackson-datatype-jdk8/2.12.4/jackson-datatype-jdk8-2.12.4.jar:/home/finlay/.m2/repository/com/fasterxml/jackson/datatype/jackson-datatype-jsr310/2.12.4/jackson-datatype-jsr310-2.12.4.jar:/home/finlay/.m2/repository/com/fasterxml/jackson/module/jackson-module-parameter-names/2.12.4/jackson-module-parameter-names-2.12.4.jar:/home/finlay/.m2/repository/org/springframework/boot/spring-boot-starter-tomcat/2.6.0-M2/spring-boot-starter-tomcat-2.6.0-M2.jar:/home/finlay/.m2/repository/org/apache/tomcat/embed/tomcat-embed-core/9.0.52/tomcat-embed-core-9.0.52.jar:/home/finlay/.m2/repository/org/apache/tomcat/embed/tomcat-embed-websocket/9.0.52/tomcat-embed-websocket-9.0.52.jar:/home/finlay/.m2/repository/org/springframework/spring-web/5.3.9/spring-web-5.3.9.jar:/home/finlay/.m2/repository/org/springframework/spring-beans/5.3.9/spring-beans-5.3.9.jar:/home/finlay/.m2/repository/org/springframework/spring-webmvc/5.3.9/spring-webmvc-5.3.9.jar:/home/finlay/.m2/repository/org/springframework/spring-aop/5.3.9/spring-aop-5.3.9.jar:/home/finlay/.m2/repository/org/springframework/spring-context/5.3.9/spring-context-5.3.9.jar:/home/finlay/.m2/repository/org/springframework/spring-expression/5.3.9/spring-expression-5.3.9.jar:/home/finlay/.m2/repository/org/springframework/boot/spring-boot-starter-test/2.6.0-M2/spring-boot-starter-test-2.6.0-M2.jar:/home/finlay/.m2/repository/org/springframework/boot/spring-boot-test/2.6.0-M2/spring-boot-test-2.6.0-M2.jar:/home/finlay/.m2/repository/org/springframework/boot/spring-boot-test-autoconfigure/2.6.0-M2/spring-boot-test-autoconfigure-2.6.0-M2.jar:/home/finlay/.m2/repository/com/jayway/jsonpath/json-path/2.6.0/json-path-2.6.0.jar:/home/finlay/.m2/repository/net/minidev/json-smart/2.4.7/json-smart-2.4.7.jar:/home/finlay/.m2/repository/net/minidev/accessors-smart/2.4.7/accessors-smart-2.4.7.jar:/home/finlay/.m2/repository/org/ow2/asm/asm/9.1/asm-9.1.jar:/home/finlay/.m2/repository/org/slf4j/slf4j-api/1.7.32/slf4j-api-1.7.32.jar:/home/finlay/.m2/repository/jakarta/xml/bind/jakarta.xml.bind-api/2.3.3/jakarta.xml.bind-api-2.3.3.jar:/home/finlay/.m2/repository/jakarta/activation/jakarta.activation-api/1.2.2/jakarta.activation-api-1.2.2.jar:/home/finlay/.m2/repository/org/assertj/assertj-core/3.20.2/assertj-core-3.20.2.jar:/home/finlay/.m2/repository/org/hamcrest/hamcrest/2.2/hamcrest-2.2.jar:/home/finlay/.m2/repository/org/junit/jupiter/junit-jupiter/5.7.2/junit-jupiter-5.7.2.jar:/home/finlay/.m2/repository/org/junit/jupiter/junit-jupiter-api/5.7.2/junit-jupiter-api-5.7.2.jar:/home/finlay/.m2/repository/org/apiguardian/apiguardian-api/1.1.0/apiguardian-api-1.1.0.jar:/home/finlay/.m2/repository/org/opentest4j/opentest4j/1.2.0/opentest4j-1.2.0.jar:/home/finlay/.m2/repository/org/junit/platform/junit-platform-commons/1.7.2/junit-platform-commons-1.7.2.jar:/home/finlay/.m2/repository/org/junit/jupiter/junit-jupiter-params/5.7.2/junit-jupiter-params-5.7.2.jar:/home/finlay/.m2/repository/org/junit/jupiter/junit-jupiter-engine/5.7.2/junit-jupiter-engine-5.7.2.jar:/home/finlay/.m2/repository/org/junit/platform/junit-platform-engine/1.7.2/junit-platform-engine-1.7.2.jar:/home/finlay/.m2/repository/org/mockito/mockito-core/3.11.2/mockito-core-3.11.2.jar:/home/finlay/.m2/repository/net/bytebuddy/byte-buddy/1.11.12/byte-buddy-1.11.12.jar:/home/finlay/.m2/repository/net/bytebuddy/byte-buddy-agent/1.11.12/byte-buddy-agent-1.11.12.jar:/home/finlay/.m2/repository/org/objenesis/objenesis/3.2/objenesis-3.2.jar:/home/finlay/.m2/repository/org/mockito/mockito-junit-jupiter/3.11.2/mockito-junit-jupiter-3.11.2.jar:/home/finlay/.m2/repository/org/skyscreamer/jsonassert/1.5.0/jsonassert-1.5.0.jar:/home/finlay/.m2/repository/com/vaadin/external/google/android-json/0.0.20131108.vaadin1/android-json-0.0.20131108.vaadin1.jar:/home/finlay/.m2/repository/org/springframework/spring-core/5.3.9/spring-core-5.3.9.jar:/home/finlay/.m2/repository/org/springframework/spring-jcl/5.3.9/spring-jcl-5.3.9.jar:/home/finlay/.m2/repository/org/springframework/spring-test/5.3.9/spring-test-5.3.9.jar:/home/finlay/.m2/repository/org/xmlunit/xmlunit-core/2.8.2/xmlunit-core-2.8.2.jar:/home/finlay/.m2/repository/org/springframework/boot/spring-boot-starter-validation/2.6.0-M2/spring-boot-starter-validation-2.6.0-M2.jar:/home/finlay/.m2/repository/org/apache/tomcat/embed/tomcat-embed-el/9.0.52/tomcat-embed-el-9.0.52.jar:/home/finlay/.m2/repository/org/hibernate/validator/hibernate-validator/6.2.0.Final/hibernate-validator-6.2.0.Final.jar:/home/finlay/.m2/repository/jakarta/validation/jakarta.validation-api/2.0.2/jakarta.validation-api-2.0.2.jar:/home/finlay/.m2/repository/org/jboss/logging/jboss-logging/3.4.2.Final/jboss-logging-3.4.2.Final.jar:/home/finlay/.m2/repository/com/fasterxml/classmate/1.5.1/classmate-1.5.1.jar:/home/finlay/.m2/repository/org/springframework/boot/spring-boot-starter-thymeleaf/2.6.0-M2/spring-boot-starter-thymeleaf-2.6.0-M2.jar:/home/finlay/.m2/repository/org/thymeleaf/thymeleaf-spring5/3.0.12.RELEASE/thymeleaf-spring5-3.0.12.RELEASE.jar:/home/finlay/.m2/repository/org/thymeleaf/thymeleaf/3.0.12.RELEASE/thymeleaf-3.0.12.RELEASE.jar:/home/finlay/.m2/repository/org/attoparser/attoparser/2.0.5.RELEASE/attoparser-2.0.5.RELEASE.jar:/home/finlay/.m2/repository/org/unbescape/unbescape/1.1.6.RELEASE/unbescape-1.1.6.RELEASE.jar:/home/finlay/.m2/repository/org/thymeleaf/extras/thymeleaf-extras-java8time/3.0.4.RELEASE/thymeleaf-extras-java8time-3.0.4.RELEASE.jar:/home/finlay/.m2/repository/org/springframework/boot/spring-boot-devtools/2.6.0-M2/spring-boot-devtools-2.6.0-M2.jar:/home/finlay/.m2/repository/org/springframework/boot/spring-boot/2.6.0-M2/spring-boot-2.6.0-M2.jar:/home/finlay/.m2/repository/org/springframework/boot/spring-boot-autoconfigure/2.6.0-M2/spring-boot-autoconfigure-2.6.0-M2.jar:/home/finlay/.m2/repository/org/springframework/boot/spring-boot-starter-data-jpa/2.6.0-M2/spring-boot-starter-data-jpa-2.6.0-M2.jar:/home/finlay/.m2/repository/org/springframework/boot/spring-boot-starter-aop/2.6.0-M2/spring-boot-starter-aop-2.6.0-M2.jar:/home/finlay/.m2/repository/org/aspectj/aspectjweaver/1.9.7/aspectjweaver-1.9.7.jar:/home/finlay/.m2/repository/org/springframework/boot/spring-boot-starter-jdbc/2.6.0-M2/spring-boot-starter-jdbc-2.6.0-M2.jar:/home/finlay/.m2/repository/com/zaxxer/HikariCP/4.0.3/HikariCP-4.0.3.jar:/home/finlay/.m2/repository/org/springframework/spring-jdbc/5.3.9/spring-jdbc-5.3.9.jar:/home/finlay/.m2/repository/jakarta/transaction/jakarta.transaction-api/1.3.3/jakarta.transaction-api-1.3.3.jar:/home/finlay/.m2/repository/jakarta/persistence/jakarta.persistence-api/2.2.3/jakarta.persistence-api-2.2.3.jar:/home/finlay/.m2/repository/org/hibernate/hibernate-core/5.5.6.Final/hibernate-core-5.5.6.Final.jar:/home/finlay/.m2/repository/org/javassist/javassist/3.27.0-GA/javassist-3.27.0-GA.jar:/home/finlay/.m2/repository/antlr/antlr/2.7.7/antlr-2.7.7.jar:/home/finlay/.m2/repository/org/jboss/jandex/2.2.3.Final/jandex-2.2.3.Final.jar:/home/finlay/.m2/repository/org/hibernate/common/hibernate-commons-annotations/5.1.2.Final/hibernate-commons-annotations-5.1.2.Final.jar:/home/finlay/.m2/repository/org/glassfish/jaxb/jaxb-runtime/2.3.5/jaxb-runtime-2.3.5.jar:/home/finlay/.m2/repository/org/glassfish/jaxb/txw2/2.3.5/txw2-2.3.5.jar:/home/finlay/.m2/repository/com/sun/istack/istack-commons-runtime/3.0.12/istack-commons-runtime-3.0.12.jar:/home/finlay/.m2/repository/com/sun/activation/jakarta.activation/1.2.2/jakarta.activation-1.2.2.jar:/home/finlay/.m2/repository/org/springframework/data/spring-data-jpa/2.6.0-M2/spring-data-jpa-2.6.0-M2.jar:/home/finlay/.m2/repository/org/springframework/data/spring-data-commons/2.6.0-M2/spring-data-commons-2.6.0-M2.jar:/home/finlay/.m2/repository/org/springframework/spring-orm/5.3.9/spring-orm-5.3.9.jar:/home/finlay/.m2/repository/org/springframework/spring-tx/5.3.9/spring-tx-5.3.9.jar:/home/finlay/.m2/repository/org/springframework/spring-aspects/5.3.9/spring-aspects-5.3.9.jar:/home/finlay/.m2/repository/mysql/mysql-connector-java/8.0.26/mysql-connector-java-8.0.26.jar:/home/finlay/.m2/repository/javax/validation/validation-api/2.0.1.Final/validation-api-2.0.1.Final.jar:/home/finlay/.m2/repository/org/springframework/boot/spring-boot-starter-hateoas/2.6.0-M2/spring-boot-starter-hateoas-2.6.0-M2.jar:/home/finlay/.m2/repository/org/springframework/hateoas/spring-hateoas/1.4.0-M2/spring-hateoas-1.4.0-M2.jar:/home/finlay/.m2/repository/org/springframework/plugin/spring-plugin-core/2.0.0.RELEASE/spring-plugin-core-2.0.0.RELEASE.jar:"/>
    <property name="java.vm.vendor" value="Ubuntu"/>
    <property name="sun.arch.data.model" value="64"/>
    <property name="java.vendor.url" value="https://ubuntu.com/"/>
    <property name="user.timezone" value=""/>
    <property name="java.vm.specification.version" value="11"/>
    <property name="os.name" value="Linux"/>
    <property name="sun.java.launcher" value="SUN_STANDARD"/>
    <property name="user.country" value="GB"/>
    <property name="sun.boot.library.path" value="/usr/lib/jvm/java-11-openjdk-amd64/lib"/>
    <property name="sun.java.command" value="/home/finlay/ProgrammingProjects/Homepage/spring-boot/target/surefire/surefirebooter10717561641431748556.jar /home/finlay/ProgrammingProjects/Homepage/spring-boot/target/surefire 2021-09-21T14-45-37_143-jvmRun1 surefire6011202594496304539tmp surefire_0998940147307668511tmp"/>
    <property name="jdk.debug" value="release"/>
    <property name="surefire.test.class.path" value="/home/finlay/ProgrammingProjects/Homepage/spring-boot/target/test-classes:/home/finlay/ProgrammingProjects/Homepage/spring-boot/target/classes:/home/finlay/.m2/repository/org/springframework/boot/spring-boot-starter-web/2.6.0-M2/spring-boot-starter-web-2.6.0-M2.jar:/home/finlay/.m2/repository/org/springframework/boot/spring-boot-starter/2.6.0-M2/spring-boot-starter-2.6.0-M2.jar:/home/finlay/.m2/repository/org/springframework/boot/spring-boot-starter-logging/2.6.0-M2/spring-boot-starter-logging-2.6.0-M2.jar:/home/finlay/.m2/repository/ch/qos/logback/logback-classic/1.2.5/logback-classic-1.2.5.jar:/home/finlay/.m2/repository/ch/qos/logback/logback-core/1.2.5/logback-core-1.2.5.jar:/home/finlay/.m2/repository/org/apache/logging/log4j/log4j-to-slf4j/2.14.1/log4j-to-slf4j-2.14.1.jar:/home/finlay/.m2/repository/org/apache/logging/log4j/log4j-api/2.14.1/log4j-api-2.14.1.jar:/home/finlay/.m2/repository/org/slf4j/jul-to-slf4j/1.7.32/jul-to-slf4j-1.7.32.jar:/home/finlay/.m2/repository/jakarta/annotation/jakarta.annotation-api/1.3.5/jakarta.annotation-api-1.3.5.jar:/home/finlay/.m2/repository/org/yaml/snakeyaml/1.29/snakeyaml-1.29.jar:/home/finlay/.m2/repository/org/springframework/boot/spring-boot-starter-json/2.6.0-M2/spring-boot-starter-json-2.6.0-M2.jar:/home/finlay/.m2/repository/com/fasterxml/jackson/core/jackson-databind/2.12.4/jackson-databind-2.12.4.jar:/home/finlay/.m2/repository/com/fasterxml/jackson/core/jackson-annotations/2.12.4/jackson-annotations-2.12.4.jar:/home/finlay/.m2/repository/com/fasterxml/jackson/core/jackson-core/2.12.4/jackson-core-2.12.4.jar:/home/finlay/.m2/repository/com/fasterxml/jackson/datatype/jackson-datatype-jdk8/2.12.4/jackson-datatype-jdk8-2.12.4.jar:/home/finlay/.m2/repository/com/fasterxml/jackson/datatype/jackson-datatype-jsr310/2.12.4/jackson-datatype-jsr310-2.12.4.jar:/home/finlay/.m2/repository/com/fasterxml/jackson/module/jackson-module-parameter-names/2.12.4/jackson-module-parameter-names-2.12.4.jar:/home/finlay/.m2/repository/org/springframework/boot/spring-boot-starter-tomcat/2.6.0-M2/spring-boot-starter-tomcat-2.6.0-M2.jar:/home/finlay/.m2/repository/org/apache/tomcat/embed/tomcat-embed-core/9.0.52/tomcat-embed-core-9.0.52.jar:/home/finlay/.m2/repository/org/apache/tomcat/embed/tomcat-embed-websocket/9.0.52/tomcat-embed-websocket-9.0.52.jar:/home/finlay/.m2/repository/org/springframework/spring-web/5.3.9/spring-web-5.3.9.jar:/home/finlay/.m2/repository/org/springframework/spring-beans/5.3.9/spring-beans-5.3.9.jar:/home/finlay/.m2/repository/org/springframework/spring-webmvc/5.3.9/spring-webmvc-5.3.9.jar:/home/finlay/.m2/repository/org/springframework/spring-aop/5.3.9/spring-aop-5.3.9.jar:/home/finlay/.m2/repository/org/springframework/spring-context/5.3.9/spring-context-5.3.9.jar:/home/finlay/.m2/repository/org/springframework/spring-expression/5.3.9/spring-expression-5.3.9.jar:/home/finlay/.m2/repository/org/springframework/boot/spring-boot-starter-test/2.6.0-M2/spring-boot-starter-test-2.6.0-M2.jar:/home/finlay/.m2/repository/org/springframework/boot/spring-boot-test/2.6.0-M2/spring-boot-test-2.6.0-M2.jar:/home/finlay/.m2/repository/org/springframework/boot/spring-boot-test-autoconfigure/2.6.0-M2/spring-boot-test-autoconfigure-2.6.0-M2.jar:/home/finlay/.m2/repository/com/jayway/jsonpath/json-path/2.6.0/json-path-2.6.0.jar:/home/finlay/.m2/repository/net/minidev/json-smart/2.4.7/json-smart-2.4.7.jar:/home/finlay/.m2/repository/net/minidev/accessors-smart/2.4.7/accessors-smart-2.4.7.jar:/home/finlay/.m2/repository/org/ow2/asm/asm/9.1/asm-9.1.jar:/home/finlay/.m2/repository/org/slf4j/slf4j-api/1.7.32/slf4j-api-1.7.32.jar:/home/finlay/.m2/repository/jakarta/xml/bind/jakarta.xml.bind-api/2.3.3/jakarta.xml.bind-api-2.3.3.jar:/home/finlay/.m2/repository/jakarta/activation/jakarta.activation-api/1.2.2/jakarta.activation-api-1.2.2.jar:/home/finlay/.m2/repository/org/assertj/assertj-core/3.20.2/assertj-core-3.20.2.jar:/home/finlay/.m2/repository/org/hamcrest/hamcrest/2.2/hamcrest-2.2.jar:/home/finlay/.m2/repository/org/junit/jupiter/junit-jupiter/5.7.2/junit-jupiter-5.7.2.jar:/home/finlay/.m2/repository/org/junit/jupiter/junit-jupiter-api/5.7.2/junit-jupiter-api-5.7.2.jar:/home/finlay/.m2/repository/org/apiguardian/apiguardian-api/1.1.0/apiguardian-api-1.1.0.jar:/home/finlay/.m2/repository/org/opentest4j/opentest4j/1.2.0/opentest4j-1.2.0.jar:/home/finlay/.m2/repository/org/junit/platform/junit-platform-commons/1.7.2/junit-platform-commons-1.7.2.jar:/home/finlay/.m2/repository/org/junit/jupiter/junit-jupiter-params/5.7.2/junit-jupiter-params-5.7.2.jar:/home/finlay/.m2/repository/org/junit/jupiter/junit-jupiter-engine/5.7.2/junit-jupiter-engine-5.7.2.jar:/home/finlay/.m2/repository/org/junit/platform/junit-platform-engine/1.7.2/junit-platform-engine-1.7.2.jar:/home/finlay/.m2/repository/org/mockito/mockito-core/3.11.2/mockito-core-3.11.2.jar:/home/finlay/.m2/repository/net/bytebuddy/byte-buddy/1.11.12/byte-buddy-1.11.12.jar:/home/finlay/.m2/repository/net/bytebuddy/byte-buddy-agent/1.11.12/byte-buddy-agent-1.11.12.jar:/home/finlay/.m2/repository/org/objenesis/objenesis/3.2/objenesis-3.2.jar:/home/finlay/.m2/repository/org/mockito/mockito-junit-jupiter/3.11.2/mockito-junit-jupiter-3.11.2.jar:/home/finlay/.m2/repository/org/skyscreamer/jsonassert/1.5.0/jsonassert-1.5.0.jar:/home/finlay/.m2/repository/com/vaadin/external/google/android-json/0.0.20131108.vaadin1/android-json-0.0.20131108.vaadin1.jar:/home/finlay/.m2/repository/org/springframework/spring-core/5.3.9/spring-core-5.3.9.jar:/home/finlay/.m2/repository/org/springframework/spring-jcl/5.3.9/spring-jcl-5.3.9.jar:/home/finlay/.m2/repository/org/springframework/spring-test/5.3.9/spring-test-5.3.9.jar:/home/finlay/.m2/repository/org/xmlunit/xmlunit-core/2.8.2/xmlunit-core-2.8.2.jar:/home/finlay/.m2/repository/org/springframework/boot/spring-boot-starter-validation/2.6.0-M2/spring-boot-starter-validation-2.6.0-M2.jar:/home/finlay/.m2/repository/org/apache/tomcat/embed/tomcat-embed-el/9.0.52/tomcat-embed-el-9.0.52.jar:/home/finlay/.m2/repository/org/hibernate/validator/hibernate-validator/6.2.0.Final/hibernate-validator-6.2.0.Final.jar:/home/finlay/.m2/repository/jakarta/validation/jakarta.validation-api/2.0.2/jakarta.validation-api-2.0.2.jar:/home/finlay/.m2/repository/org/jboss/logging/jboss-logging/3.4.2.Final/jboss-logging-3.4.2.Final.jar:/home/finlay/.m2/repository/com/fasterxml/classmate/1.5.1/classmate-1.5.1.jar:/home/finlay/.m2/repository/org/springframework/boot/spring-boot-starter-thymeleaf/2.6.0-M2/spring-boot-starter-thymeleaf-2.6.0-M2.jar:/home/finlay/.m2/repository/org/thymeleaf/thymeleaf-spring5/3.0.12.RELEASE/thymeleaf-spring5-3.0.12.RELEASE.jar:/home/finlay/.m2/repository/org/thymeleaf/thymeleaf/3.0.12.RELEASE/thymeleaf-3.0.12.RELEASE.jar:/home/finlay/.m2/repository/org/attoparser/attoparser/2.0.5.RELEASE/attoparser-2.0.5.RELEASE.jar:/home/finlay/.m2/repository/org/unbescape/unbescape/1.1.6.RELEASE/unbescape-1.1.6.RELEASE.jar:/home/finlay/.m2/repository/org/thymeleaf/extras/thymeleaf-extras-java8time/3.0.4.RELEASE/thymeleaf-extras-java8time-3.0.4.RELEASE.jar:/home/finlay/.m2/repository/org/springframework/boot/spring-boot-devtools/2.6.0-M2/spring-boot-devtools-2.6.0-M2.jar:/home/finlay/.m2/repository/org/springframework/boot/spring-boot/2.6.0-M2/spring-boot-2.6.0-M2.jar:/home/finlay/.m2/repository/org/springframework/boot/spring-boot-autoconfigure/2.6.0-M2/spring-boot-autoconfigure-2.6.0-M2.jar:/home/finlay/.m2/repository/org/springframework/boot/spring-boot-starter-data-jpa/2.6.0-M2/spring-boot-starter-data-jpa-2.6.0-M2.jar:/home/finlay/.m2/repository/org/springframework/boot/spring-boot-starter-aop/2.6.0-M2/spring-boot-starter-aop-2.6.0-M2.jar:/home/finlay/.m2/repository/org/aspectj/aspectjweaver/1.9.7/aspectjweaver-1.9.7.jar:/home/finlay/.m2/repository/org/springframework/boot/spring-boot-starter-jdbc/2.6.0-M2/spring-boot-starter-jdbc-2.6.0-M2.jar:/home/finlay/.m2/repository/com/zaxxer/HikariCP/4.0.3/HikariCP-4.0.3.jar:/home/finlay/.m2/repository/org/springframework/spring-jdbc/5.3.9/spring-jdbc-5.3.9.jar:/home/finlay/.m2/repository/jakarta/transaction/jakarta.transaction-api/1.3.3/jakarta.transaction-api-1.3.3.jar:/home/finlay/.m2/repository/jakarta/persistence/jakarta.persistence-api/2.2.3/jakarta.persistence-api-2.2.3.jar:/home/finlay/.m2/repository/org/hibernate/hibernate-core/5.5.6.Final/hibernate-core-5.5.6.Final.jar:/home/finlay/.m2/repository/org/javassist/javassist/3.27.0-GA/javassist-3.27.0-GA.jar:/home/finlay/.m2/repository/antlr/antlr/2.7.7/antlr-2.7.7.jar:/home/finlay/.m2/repository/org/jboss/jandex/2.2.3.Final/jandex-2.2.3.Final.jar:/home/finlay/.m2/repository/org/hibernate/common/hibernate-commons-annotations/5.1.2.Final/hibernate-commons-annotations-5.1.2.Final.jar:/home/finlay/.m2/repository/org/glassfish/jaxb/jaxb-runtime/2.3.5/jaxb-runtime-2.3.5.jar:/home/finlay/.m2/repository/org/glassfish/jaxb/txw2/2.3.5/txw2-2.3.5.jar:/home/finlay/.m2/repository/com/sun/istack/istack-commons-runtime/3.0.12/istack-commons-runtime-3.0.12.jar:/home/finlay/.m2/repository/com/sun/activation/jakarta.activation/1.2.2/jakarta.activation-1.2.2.jar:/home/finlay/.m2/repository/org/springframework/data/spring-data-jpa/2.6.0-M2/spring-data-jpa-2.6.0-M2.jar:/home/finlay/.m2/repository/org/springframework/data/spring-data-commons/2.6.0-M2/spring-data-commons-2.6.0-M2.jar:/home/finlay/.m2/repository/org/springframework/spring-orm/5.3.9/spring-orm-5.3.9.jar:/home/finlay/.m2/repository/org/springframework/spring-tx/5.3.9/spring-tx-5.3.9.jar:/home/finlay/.m2/repository/org/springframework/spring-aspects/5.3.9/spring-aspects-5.3.9.jar:/home/finlay/.m2/repository/mysql/mysql-connector-java/8.0.26/mysql-connector-java-8.0.26.jar:/home/finlay/.m2/repository/javax/validation/validation-api/2.0.1.Final/validation-api-2.0.1.Final.jar:/home/finlay/.m2/repository/org/springframework/boot/spring-boot-starter-hateoas/2.6.0-M2/spring-boot-starter-hateoas-2.6.0-M2.jar:/home/finlay/.m2/repository/org/springframework/hateoas/spring-hateoas/1.4.0-M2/spring-hateoas-1.4.0-M2.jar:/home/finlay/.m2/repository/org/springframework/plugin/spring-plugin-core/2.0.0.RELEASE/spring-plugin-core-2.0.0.RELEASE.jar:"/>
    <property name="sun.cpu.endian" value="little"/>
    <property name="user.home" value="/home/finlay"/>
    <property name="user.language" value="en"/>
    <property name="java.specification.vendor" value="Oracle Corporation"/>
    <property name="java.version.date" value="2021-04-20"/>
    <property name="java.home" value="/usr/lib/jvm/java-11-openjdk-amd64"/>
    <property name="file.separator" value="/"/>
    <property name="basedir" value="/home/finlay/ProgrammingProjects/Homepage/spring-boot"/>
    <property name="java.vm.compressedOopsMode" value="Zero based"/>
    <property name="line.separator" value="&#10;"/>
    <property name="java.specification.name" value="Java Platform API Specification"/>
    <property name="java.vm.specification.vendor" value="Oracle Corporation"/>
    <property name="java.awt.graphicsenv" value="sun.awt.X11GraphicsEnvironment"/>
    <property name="surefire.real.class.path" value="/home/finlay/ProgrammingProjects/Homepage/spring-boot/target/surefire/surefirebooter10717561641431748556.jar"/>
    <property name="sun.management.compiler" value="HotSpot 64-Bit Tiered Compilers"/>
    <property name="java.runtime.version" value="11.0.11+9-Ubuntu-0ubuntu2.20.04"/>
    <property name="user.name" value="finlay"/>
    <property name="path.separator" value=":"/>
    <property name="os.version" value="5.11.0-34-generic"/>
    <property name="java.runtime.name" value="OpenJDK Runtime Environment"/>
    <property name="file.encoding" value="UTF-8"/>
    <property name="java.vm.name" value="OpenJDK 64-Bit Server VM"/>
    <property name="localRepository" value="/home/finlay/.m2/repository"/>
    <property name="java.vendor.url.bug" value="https://bugs.launchpad.net/ubuntu/+source/openjdk-lts"/>
    <property name="java.io.tmpdir" value="/tmp"/>
    <property name="java.version" value="11.0.11"/>
    <property name="user.dir" value="/home/finlay/ProgrammingProjects/Homepage/spring-boot"/>
    <property name="os.arch" value="amd64"/>
    <property name="java.vm.specification.name" value="Java Virtual Machine Specification"/>
    <property name="java.awt.printerjob" value="sun.print.PSPrinterJob"/>
    <property name="sun.os.patch.level" value="unknown"/>
    <property name="java.library.path" value="/usr/java/packages/lib:/usr/lib/x86_64-linux-gnu/jni:/lib/x86_64-linux-gnu:/usr/lib/x86_64-linux-gnu:/usr/lib/jni:/lib:/usr/lib"/>
    <property name="java.vm.info" value="mixed mode, sharing"/>
    <property name="java.vendor" value="Ubuntu"/>
    <property name="java.vm.version" value="11.0.11+9-Ubuntu-0ubuntu2.20.04"/>
    <property name="sun.io.unicode.encoding" value="UnicodeLittle"/>
    <property name="java.class.version" value="55.0"/>
  </properties>
  <testcase name="getHello" classname="com.Marsh.Homepage.PostControllerUnitTests" time="0.175">
    <failure message="View name expected:&lt;index.html&gt; but was:&lt;index&gt;" type="java.lang.AssertionError"><![CDATA[java.lang.AssertionError: View name expected:<index.html> but was:<index>
	at com.Marsh.Homepage.PostControllerUnitTests.getHello(PostControllerApiUnitTests.java:27)
]]></failure>
    <system-out><![CDATA[14:45:37.610 [main] DEBUG org.springframework.test.context.BootstrapUtils - Instantiating CacheAwareContextLoaderDelegate from class [org.springframework.test.context.cache.DefaultCacheAwareContextLoaderDelegate]
14:45:37.615 [main] DEBUG org.springframework.test.context.BootstrapUtils - Instantiating BootstrapContext using constructor [public org.springframework.test.context.support.DefaultBootstrapContext(java.lang.Class,org.springframework.test.context.CacheAwareContextLoaderDelegate)]
14:45:37.634 [main] DEBUG org.springframework.test.context.BootstrapUtils - Instantiating TestContextBootstrapper for test class [com.Marsh.Homepage.PostControllerUnitTests] from class [org.springframework.boot.test.context.SpringBootTestContextBootstrapper]
14:45:37.640 [main] INFO org.springframework.boot.test.context.SpringBootTestContextBootstrapper - Neither @ContextConfiguration nor @ContextHierarchy found for test class [com.Marsh.Homepage.PostControllerUnitTests], using SpringBootContextLoader
14:45:37.641 [main] DEBUG org.springframework.test.context.support.AbstractContextLoader - Did not detect default resource location for test class [com.Marsh.Homepage.PostControllerUnitTests]: class path resource [com/Marsh/Homepage/PostControllerUnitTests-context.xml] does not exist
14:45:37.642 [main] DEBUG org.springframework.test.context.support.AbstractContextLoader - Did not detect default resource location for test class [com.Marsh.Homepage.PostControllerUnitTests]: class path resource [com/Marsh/Homepage/PostControllerUnitTestsContext.groovy] does not exist
14:45:37.642 [main] INFO org.springframework.test.context.support.AbstractContextLoader - Could not detect default resource locations for test class [com.Marsh.Homepage.PostControllerUnitTests]: no resource found for suffixes {-context.xml, Context.groovy}.
14:45:37.642 [main] INFO org.springframework.test.context.support.AnnotationConfigContextLoaderUtils - Could not detect default configuration classes for test class [com.Marsh.Homepage.PostControllerUnitTests]: PostControllerUnitTests does not declare any static, non-private, non-final, nested classes annotated with @Configuration.
14:45:37.673 [main] DEBUG org.springframework.test.context.support.ActiveProfilesUtils - Could not find an 'annotation declaring class' for annotation type [org.springframework.test.context.ActiveProfiles] and class [com.Marsh.Homepage.PostControllerUnitTests]
14:45:37.701 [main] DEBUG org.springframework.context.annotation.ClassPathScanningCandidateComponentProvider - Identified candidate component class: file [/home/finlay/ProgrammingProjects/Homepage/spring-boot/target/classes/com/Marsh/Homepage/HomepageApplication.class]
14:45:37.702 [main] INFO org.springframework.boot.test.context.SpringBootTestContextBootstrapper - Found @SpringBootConfiguration com.Marsh.Homepage.HomepageApplication for test class com.Marsh.Homepage.PostControllerUnitTests
14:45:37.746 [main] DEBUG org.springframework.boot.test.context.SpringBootTestContextBootstrapper - @TestExecutionListeners is not present for class [com.Marsh.Homepage.PostControllerUnitTests]: using defaults.
14:45:37.747 [main] INFO org.springframework.boot.test.context.SpringBootTestContextBootstrapper - Loaded default TestExecutionListener class names from location [META-INF/spring.factories]: [org.springframework.boot.test.mock.mockito.MockitoTestExecutionListener, org.springframework.boot.test.mock.mockito.ResetMocksTestExecutionListener, org.springframework.boot.test.autoconfigure.restdocs.RestDocsTestExecutionListener, org.springframework.boot.test.autoconfigure.web.client.MockRestServiceServerResetTestExecutionListener, org.springframework.boot.test.autoconfigure.web.servlet.MockMvcPrintOnlyOnFailureTestExecutionListener, org.springframework.boot.test.autoconfigure.web.servlet.WebDriverTestExecutionListener, org.springframework.boot.test.autoconfigure.webservices.client.MockWebServiceServerTestExecutionListener, org.springframework.test.context.web.ServletTestExecutionListener, org.springframework.test.context.support.DirtiesContextBeforeModesTestExecutionListener, org.springframework.test.context.event.ApplicationEventsTestExecutionListener, org.springframework.test.context.support.DependencyInjectionTestExecutionListener, org.springframework.test.context.support.DirtiesContextTestExecutionListener, org.springframework.test.context.transaction.TransactionalTestExecutionListener, org.springframework.test.context.jdbc.SqlScriptsTestExecutionListener, org.springframework.test.context.event.EventPublishingTestExecutionListener]
14:45:37.755 [main] INFO org.springframework.boot.test.context.SpringBootTestContextBootstrapper - Using TestExecutionListeners: [org.springframework.test.context.web.ServletTestExecutionListener@6c2ed0cd, org.springframework.test.context.support.DirtiesContextBeforeModesTestExecutionListener@7d9e8ef7, org.springframework.test.context.event.ApplicationEventsTestExecutionListener@f107c50, org.springframework.boot.test.mock.mockito.MockitoTestExecutionListener@51133c06, org.springframework.boot.test.autoconfigure.SpringBootDependencyInjectionTestExecutionListener@4b213651, org.springframework.test.context.support.DirtiesContextTestExecutionListener@4241e0f4, org.springframework.test.context.transaction.TransactionalTestExecutionListener@4ebff610, org.springframework.test.context.jdbc.SqlScriptsTestExecutionListener@60410cd, org.springframework.test.context.event.EventPublishingTestExecutionListener@44d52de2, org.springframework.boot.test.mock.mockito.ResetMocksTestExecutionListener@95e33cc, org.springframework.boot.test.autoconfigure.restdocs.RestDocsTestExecutionListener@38604b81, org.springframework.boot.test.autoconfigure.web.client.MockRestServiceServerResetTestExecutionListener@1e44b638, org.springframework.boot.test.autoconfigure.web.servlet.MockMvcPrintOnlyOnFailureTestExecutionListener@7393222f, org.springframework.boot.test.autoconfigure.web.servlet.WebDriverTestExecutionListener@babafc2, org.springframework.boot.test.autoconfigure.webservices.client.MockWebServiceServerTestExecutionListener@31add175]
14:45:37.757 [main] DEBUG org.springframework.test.context.support.AbstractDirtiesContextTestExecutionListener - Before test class: context [DefaultTestContext@16eccb2e testClass = PostControllerUnitTests, testInstance = [null], testMethod = [null], testException = [null], mergedContextConfiguration = [WebMergedContextConfiguration@5ef5c734 testClass = PostControllerUnitTests, locations = '{}', classes = '{class com.Marsh.Homepage.HomepageApplication}', contextInitializerClasses = '[]', activeProfiles = '{}', propertySourceLocations = '{}', propertySourceProperties = '{org.springframework.boot.test.context.SpringBootTestContextBootstrapper=true}', contextCustomizers = set[[ImportsContextCustomizer@d771cc9 key = [org.springframework.boot.test.autoconfigure.web.servlet.MockMvcAutoConfiguration, org.springframework.boot.test.autoconfigure.web.servlet.MockMvcWebClientAutoConfiguration, org.springframework.boot.test.autoconfigure.web.servlet.MockMvcWebDriverAutoConfiguration, org.springframework.boot.autoconfigure.security.oauth2.client.servlet.OAuth2ClientAutoConfiguration, org.springframework.boot.autoconfigure.security.oauth2.resource.servlet.OAuth2ResourceServerAutoConfiguration, org.springframework.boot.autoconfigure.security.servlet.SecurityAutoConfiguration, org.springframework.boot.autoconfigure.security.servlet.SecurityFilterAutoConfiguration, org.springframework.boot.autoconfigure.security.servlet.UserDetailsServiceAutoConfiguration, org.springframework.boot.test.autoconfigure.web.servlet.MockMvcSecurityConfiguration, org.springframework.boot.test.autoconfigure.web.reactive.WebTestClientAutoConfiguration]], org.springframework.boot.test.context.filter.ExcludeFilterContextCustomizer@49c7b90e, org.springframework.boot.test.json.DuplicateJsonObjectContextCustomizerFactory$DuplicateJsonObjectContextCustomizer@3e84448c, org.springframework.boot.test.mock.mockito.MockitoContextCustomizer@0, org.springframework.boot.test.web.client.TestRestTemplateContextCustomizer@3bf9ce3e, org.springframework.boot.test.autoconfigure.actuate.metrics.MetricsExportContextCustomizerFactory$DisableMetricExportContextCustomizer@73e22a3d, org.springframework.boot.test.autoconfigure.properties.PropertyMappingContextCustomizer@4b3fa0b3, org.springframework.boot.test.autoconfigure.web.servlet.WebDriverContextCustomizerFactory$Customizer@4738a206, org.springframework.boot.test.context.SpringBootTestArgs@1, org.springframework.boot.test.context.SpringBootTestWebEnvironment@17579e0f], resourceBasePath = 'src/main/webapp', contextLoader = 'org.springframework.boot.test.context.SpringBootContextLoader', parent = [null]], attributes = map['org.springframework.test.context.web.ServletTestExecutionListener.activateListener' -> true]], class annotated with @DirtiesContext [false] with mode [null].
14:45:37.776 [main] DEBUG org.springframework.test.context.support.TestPropertySourceUtils - Adding inlined properties to environment: {spring.jmx.enabled=false, org.springframework.boot.test.context.SpringBootTestContextBootstrapper=true}

  .   ____          _            __ _ _
 /\\ / ___'_ __ _ _(_)_ __  __ _ \ \ \ \
( ( )\___ | '_ | '_| | '_ \/ _` | \ \ \ \
 \\/  ___)| |_)| | | | | || (_| |  ) ) ) )
  '  |____| .__|_| |_|_| |_\__, | / / / /
 =========|_|==============|___/=/_/_/_/
 :: Spring Boot ::             (v2.6.0-M2)

2021-09-21 14:45:37.956  INFO 33950 --- [           main] c.M.Homepage.PostControllerUnitTests     : Starting PostControllerUnitTests using Java 11.0.11 on finlay with PID 33950 (started by finlay in /home/finlay/ProgrammingProjects/Homepage/spring-boot)
2021-09-21 14:45:37.958  INFO 33950 --- [           main] c.M.Homepage.PostControllerUnitTests     : No active profile set, falling back to default profiles: default
2021-09-21 14:45:38.323  INFO 33950 --- [           main] .s.d.r.c.RepositoryConfigurationDelegate : Bootstrapping Spring Data JPA repositories in DEFAULT mode.
2021-09-21 14:45:38.344  INFO 33950 --- [           main] .s.d.r.c.RepositoryConfigurationDelegate : Finished Spring Data repository scanning in 17 ms. Found 1 JPA repository interfaces.
2021-09-21 14:45:38.690  INFO 33950 --- [           main] o.hibernate.jpa.internal.util.LogHelper  : HHH000204: Processing PersistenceUnitInfo [name: default]
2021-09-21 14:45:38.720  INFO 33950 --- [           main] org.hibernate.Version                    : HHH000412: Hibernate ORM core version 5.5.6.Final
2021-09-21 14:45:38.802  INFO 33950 --- [           main] o.hibernate.annotations.common.Version   : HCANN000001: Hibernate Commons Annotations {5.1.2.Final}
2021-09-21 14:45:38.878  INFO 33950 --- [           main] com.zaxxer.hikari.HikariDataSource       : HikariPool-1 - Starting...
2021-09-21 14:45:38.881  WARN 33950 --- [           main] com.zaxxer.hikari.util.DriverDataSource  : Registered driver with driverClassName=com.mysql.jdbc.Driver was not found, trying direct instantiation.
2021-09-21 14:45:39.107  INFO 33950 --- [           main] com.zaxxer.hikari.HikariDataSource       : HikariPool-1 - Start completed.
2021-09-21 14:45:39.124  INFO 33950 --- [           main] org.hibernate.dialect.Dialect            : HHH000400: Using dialect: org.hibernate.dialect.MySQL8Dialect
2021-09-21 14:45:39.456  INFO 33950 --- [           main] o.h.e.t.j.p.i.JtaPlatformInitiator       : HHH000490: Using JtaPlatform implementation: [org.hibernate.engine.transaction.jta.platform.internal.NoJtaPlatform]
2021-09-21 14:45:39.461  INFO 33950 --- [           main] j.LocalContainerEntityManagerFactoryBean : Initialized JPA EntityManagerFactory for persistence unit 'default'
2021-09-21 14:45:39.762  WARN 33950 --- [           main] JpaBaseConfiguration$JpaWebConfiguration : spring.jpa.open-in-view is enabled by default. Therefore, database queries may be performed during view rendering. Explicitly configure spring.jpa.open-in-view to disable this warning
2021-09-21 14:45:39.971  INFO 33950 --- [           main] o.s.b.a.w.s.WelcomePageHandlerMapping    : Adding welcome page template: index
2021-09-21 14:45:40.145  INFO 33950 --- [           main] o.s.b.t.m.w.SpringBootMockServletContext : Initializing Spring TestDispatcherServlet ''
2021-09-21 14:45:40.145  INFO 33950 --- [           main] o.s.t.web.servlet.TestDispatcherServlet  : Initializing Servlet ''
2021-09-21 14:45:40.145  INFO 33950 --- [           main] o.s.t.web.servlet.TestDispatcherServlet  : Completed initialization in 0 ms
2021-09-21 14:45:40.161  INFO 33950 --- [           main] c.M.Homepage.PostControllerUnitTests     : Started PostControllerUnitTests in 2.38 seconds (JVM running for 2.921)

MockHttpServletRequest:
      HTTP Method = GET
      Request URI = /
       Parameters = {}
          Headers = [Accept:"text/html"]
             Body = null
    Session Attrs = {}

Handler:
             Type = org.springframework.web.servlet.mvc.ParameterizableViewController

Async:
    Async started = false
     Async result = null

Resolved Exception:
             Type = null

ModelAndView:
        View name = index
             View = null
            Model = null

FlashMap:
       Attributes = null

MockHttpServletResponse:
           Status = 200
    Error message = null
          Headers = [Content-Language:"en", Content-Type:"text/html;charset=UTF-8"]
     Content type = text/html;charset=UTF-8
             Body = <!DOCTYPE HTML>
<html xmlns:layout="http://www.ultraq.net.nz/thymeleaf/layout"
      layout:decorate="~{layouts/default}">

<head>
<title>Finlay Marsh</title>
<meta http-equiv="Content-Type" content="text/html; charset=UTF-8" />
</head>
<body>
<p><b>Hello World!</b></p>
</body>
</html>
    Forwarded URL = null
   Redirected URL = null
          Cookies = []
]]></system-out>
    <system-err><![CDATA[Loading class `com.mysql.jdbc.Driver'. This is deprecated. The new driver class is `com.mysql.cj.jdbc.Driver'. The driver is automatically registered via the SPI and manual loading of the driver class is generally unnecessary.
]]></system-err>
  </testcase>
</testsuite>